CRITICAL - 2023-09-30 09:45:42 --> The namespace delimiter is a backslash (\), not a slash (/). Route handler: "\App\Controllers\Auth/RegisterController::index"
in SYSTEMPATH\Router\Router.php on line 477.
 1 SYSTEMPATH\Router\Router.php(477): CodeIgniter\Router\Exceptions\RouterException::forInvalidControllerName('\\App\\Controllers\\Auth/RegisterController::index')
 2 SYSTEMPATH\Router\Router.php(184): CodeIgniter\Router\Router->checkRoutes('/')
 3 SYSTEMPATH\CodeIgniter.php(800): CodeIgniter\Router\Router->handle('/')
 4 SYSTEMPATH\CodeIgniter.php(442): CodeIgniter\CodeIgniter->tryToRouteIt(Object(CodeIgniter\Router\RouteCollection))
 5 SYSTEMPATH\CodeIgniter.php(353): CodeIgniter\CodeIgniter->handleRequest(null, Object(Config\Cache), false)
 6 FCPATH\index.php(79): CodeIgniter\CodeIgniter->run()
 7 SYSTEMPATH\Commands\Server\rewrite.php(47): require_once('C:\\laragon\\www\\laboratory03\\public\\index.php')
CRITICAL - 2023-09-30 09:53:31 --> Undefined property: App\Controllers\RegisterController::$load
in APPPATH\Controllers\RegisterController.php on line 14.
 1 APPPATH\Controllers\RegisterController.php(14): CodeIgniter\Debug\Exceptions->errorHandler(2, 'Undefined property: App\\Controllers\\RegisterController::$load', 'C:\\laragon\\www\\laboratory03\\app\\Controllers\\RegisterController.php', 14)
 2 SYSTEMPATH\CodeIgniter.php(919): App\Controllers\RegisterController->index()
 3 SYSTEMPATH\CodeIgniter.php(494): CodeIgniter\CodeIgniter->runController(Object(App\Controllers\RegisterController))
 4 SYSTEMPATH\CodeIgniter.php(353): CodeIgniter\CodeIgniter->handleRequest(null, Object(Config\Cache), false)
 5 FCPATH\index.php(79): CodeIgniter\CodeIgniter->run()
 6 SYSTEMPATH\Commands\Server\rewrite.php(47): require_once('C:\\laragon\\www\\laboratory03\\public\\index.php')
CRITICAL - 2023-09-30 09:53:34 --> Undefined property: App\Controllers\RegisterController::$load
in APPPATH\Controllers\RegisterController.php on line 14.
 1 APPPATH\Controllers\RegisterController.php(14): CodeIgniter\Debug\Exceptions->errorHandler(2, 'Undefined property: App\\Controllers\\RegisterController::$load', 'C:\\laragon\\www\\laboratory03\\app\\Controllers\\RegisterController.php', 14)
 2 SYSTEMPATH\CodeIgniter.php(919): App\Controllers\RegisterController->index()
 3 SYSTEMPATH\CodeIgniter.php(494): CodeIgniter\CodeIgniter->runController(Object(App\Controllers\RegisterController))
 4 SYSTEMPATH\CodeIgniter.php(353): CodeIgniter\CodeIgniter->handleRequest(null, Object(Config\Cache), false)
 5 FCPATH\index.php(79): CodeIgniter\CodeIgniter->run()
 6 SYSTEMPATH\Commands\Server\rewrite.php(47): require_once('C:\\laragon\\www\\laboratory03\\public\\index.php')
CRITICAL - 2023-09-30 09:54:21 --> Undefined property: App\Controllers\RegisterController::$load
in APPPATH\Controllers\RegisterController.php on line 14.
 1 APPPATH\Controllers\RegisterController.php(14): CodeIgniter\Debug\Exceptions->errorHandler(2, 'Undefined property: App\\Controllers\\RegisterController::$load', 'C:\\laragon\\www\\laboratory03\\app\\Controllers\\RegisterController.php', 14)
 2 SYSTEMPATH\CodeIgniter.php(919): App\Controllers\RegisterController->index()
 3 SYSTEMPATH\CodeIgniter.php(494): CodeIgniter\CodeIgniter->runController(Object(App\Controllers\RegisterController))
 4 SYSTEMPATH\CodeIgniter.php(353): CodeIgniter\CodeIgniter->handleRequest(null, Object(Config\Cache), false)
 5 FCPATH\index.php(79): CodeIgniter\CodeIgniter->run()
 6 SYSTEMPATH\Commands\Server\rewrite.php(47): require_once('C:\\laragon\\www\\laboratory03\\public\\index.php')
CRITICAL - 2023-09-30 09:55:34 --> Undefined property: App\Controllers\RegisterController::$load
in APPPATH\Controllers\RegisterController.php on line 15.
 1 APPPATH\Controllers\RegisterController.php(15): CodeIgniter\Debug\Exceptions->errorHandler(2, 'Undefined property: App\\Controllers\\RegisterController::$load', 'C:\\laragon\\www\\laboratory03\\app\\Controllers\\RegisterController.php', 15)
 2 SYSTEMPATH\CodeIgniter.php(919): App\Controllers\RegisterController->index()
 3 SYSTEMPATH\CodeIgniter.php(494): CodeIgniter\CodeIgniter->runController(Object(App\Controllers\RegisterController))
 4 SYSTEMPATH\CodeIgniter.php(353): CodeIgniter\CodeIgniter->handleRequest(null, Object(Config\Cache), false)
 5 FCPATH\index.php(79): CodeIgniter\CodeIgniter->run()
 6 SYSTEMPATH\Commands\Server\rewrite.php(47): require_once('C:\\laragon\\www\\laboratory03\\public\\index.php')
CRITICAL - 2023-09-30 10:10:27 --> Undefined property: App\Controllers\Home::$load
in APPPATH\Controllers\Home.php on line 72.
 1 APPPATH\Controllers\Home.php(72): CodeIgniter\Debug\Exceptions->errorHandler(2, 'Undefined property: App\\Controllers\\Home::$load', 'C:\\laragon\\www\\laboratory03\\app\\Controllers\\Home.php', 72)
 2 SYSTEMPATH\CodeIgniter.php(919): App\Controllers\Home->regis()
 3 SYSTEMPATH\CodeIgniter.php(494): CodeIgniter\CodeIgniter->runController(Object(App\Controllers\Home))
 4 SYSTEMPATH\CodeIgniter.php(353): CodeIgniter\CodeIgniter->handleRequest(null, Object(Config\Cache), false)
 5 FCPATH\index.php(79): CodeIgniter\CodeIgniter->run()
 6 SYSTEMPATH\Commands\Server\rewrite.php(47): require_once('C:\\laragon\\www\\laboratory03\\public\\index.php')
CRITICAL - 2023-09-30 10:11:43 --> Undefined property: App\Controllers\Home::$load
in APPPATH\Controllers\Home.php on line 72.
 1 APPPATH\Controllers\Home.php(72): CodeIgniter\Debug\Exceptions->errorHandler(2, 'Undefined property: App\\Controllers\\Home::$load', 'C:\\laragon\\www\\laboratory03\\app\\Controllers\\Home.php', 72)
 2 SYSTEMPATH\CodeIgniter.php(919): App\Controllers\Home->regis()
 3 SYSTEMPATH\CodeIgniter.php(494): CodeIgniter\CodeIgniter->runController(Object(App\Controllers\Home))
 4 SYSTEMPATH\CodeIgniter.php(353): CodeIgniter\CodeIgniter->handleRequest(null, Object(Config\Cache), false)
 5 FCPATH\index.php(79): CodeIgniter\CodeIgniter->run()
 6 SYSTEMPATH\Commands\Server\rewrite.php(47): require_once('C:\\laragon\\www\\laboratory03\\public\\index.php')
CRITICAL - 2023-09-30 10:12:20 --> Undefined property: App\Controllers\Home::$load
in APPPATH\Controllers\Home.php on line 72.
 1 APPPATH\Controllers\Home.php(72): CodeIgniter\Debug\Exceptions->errorHandler(2, 'Undefined property: App\\Controllers\\Home::$load', 'C:\\laragon\\www\\laboratory03\\app\\Controllers\\Home.php', 72)
 2 SYSTEMPATH\CodeIgniter.php(919): App\Controllers\Home->regis()
 3 SYSTEMPATH\CodeIgniter.php(494): CodeIgniter\CodeIgniter->runController(Object(App\Controllers\Home))
 4 SYSTEMPATH\CodeIgniter.php(353): CodeIgniter\CodeIgniter->handleRequest(null, Object(Config\Cache), false)
 5 FCPATH\index.php(79): CodeIgniter\CodeIgniter->run()
 6 SYSTEMPATH\Commands\Server\rewrite.php(47): require_once('C:\\laragon\\www\\laboratory03\\public\\index.php')
CRITICAL - 2023-09-30 10:12:49 --> Undefined property: App\Controllers\Home::$load
in APPPATH\Controllers\Home.php on line 72.
 1 APPPATH\Controllers\Home.php(72): CodeIgniter\Debug\Exceptions->errorHandler(2, 'Undefined property: App\\Controllers\\Home::$load', 'C:\\laragon\\www\\laboratory03\\app\\Controllers\\Home.php', 72)
 2 SYSTEMPATH\CodeIgniter.php(919): App\Controllers\Home->regis()
 3 SYSTEMPATH\CodeIgniter.php(494): CodeIgniter\CodeIgniter->runController(Object(App\Controllers\Home))
 4 SYSTEMPATH\CodeIgniter.php(353): CodeIgniter\CodeIgniter->handleRequest(null, Object(Config\Cache), false)
 5 FCPATH\index.php(79): CodeIgniter\CodeIgniter->run()
 6 SYSTEMPATH\Commands\Server\rewrite.php(47): require_once('C:\\laragon\\www\\laboratory03\\public\\index.php')
CRITICAL - 2023-09-30 10:15:23 --> Undefined variable $product
in APPPATH\Views\inc\section_2.php on line 20.
 1 APPPATH\Views\inc\section_2.php(20): CodeIgniter\Debug\Exceptions->errorHandler(2, 'Undefined variable $product', 'C:\\laragon\\www\\laboratory03\\app\\Views\\inc\\section_2.php', 20)
 2 SYSTEMPATH\View\View.php(226): include('C:\\laragon\\www\\laboratory03\\app\\Views\\inc\\section_2.php')
 3 SYSTEMPATH\View\View.php(229): CodeIgniter\View\View->CodeIgniter\View\{closure}()
 4 SYSTEMPATH\View\View.php(467): CodeIgniter\View\View->render('/inc/section_2', null, true)
 5 APPPATH\Views\register.php(6): CodeIgniter\View\View->include('/inc/section_2')
 6 SYSTEMPATH\View\View.php(226): include('C:\\laragon\\www\\laboratory03\\app\\Views\\register.php')
 7 SYSTEMPATH\View\View.php(229): CodeIgniter\View\View->CodeIgniter\View\{closure}()
 8 SYSTEMPATH\Common.php(1188): CodeIgniter\View\View->render('register', [], true)
 9 APPPATH\Controllers\Home.php(72): view('register')
10 SYSTEMPATH\CodeIgniter.php(919): App\Controllers\Home->regis()
11 SYSTEMPATH\CodeIgniter.php(494): CodeIgniter\CodeIgniter->runController(Object(App\Controllers\Home))
12 SYSTEMPATH\CodeIgniter.php(353): CodeIgniter\CodeIgniter->handleRequest(null, Object(Config\Cache), false)
13 FCPATH\index.php(79): CodeIgniter\CodeIgniter->run()
14 SYSTEMPATH\Commands\Server\rewrite.php(47): require_once('C:\\laragon\\www\\laboratory03\\public\\index.php')
CRITICAL - 2023-09-30 10:15:54 --> Undefined variable $product
in APPPATH\Views\inc\section_2.php on line 20.
 1 APPPATH\Views\inc\section_2.php(20): CodeIgniter\Debug\Exceptions->errorHandler(2, 'Undefined variable $product', 'C:\\laragon\\www\\laboratory03\\app\\Views\\inc\\section_2.php', 20)
 2 SYSTEMPATH\View\View.php(226): include('C:\\laragon\\www\\laboratory03\\app\\Views\\inc\\section_2.php')
 3 SYSTEMPATH\View\View.php(229): CodeIgniter\View\View->CodeIgniter\View\{closure}()
 4 SYSTEMPATH\View\View.php(467): CodeIgniter\View\View->render('/inc/section_2', null, true)
 5 APPPATH\Views\register.php(6): CodeIgniter\View\View->include('/inc/section_2')
 6 SYSTEMPATH\View\View.php(226): include('C:\\laragon\\www\\laboratory03\\app\\Views\\register.php')
 7 SYSTEMPATH\View\View.php(229): CodeIgniter\View\View->CodeIgniter\View\{closure}()
 8 SYSTEMPATH\Common.php(1188): CodeIgniter\View\View->render('register', [], true)
 9 APPPATH\Controllers\Home.php(72): view('register')
10 SYSTEMPATH\CodeIgniter.php(919): App\Controllers\Home->regis()
11 SYSTEMPATH\CodeIgniter.php(494): CodeIgniter\CodeIgniter->runController(Object(App\Controllers\Home))
12 SYSTEMPATH\CodeIgniter.php(353): CodeIgniter\CodeIgniter->handleRequest(null, Object(Config\Cache), false)
13 FCPATH\index.php(79): CodeIgniter\CodeIgniter->run()
14 SYSTEMPATH\Commands\Server\rewrite.php(47): require_once('C:\\laragon\\www\\laboratory03\\public\\index.php')
CRITICAL - 2023-09-30 10:24:06 --> Invalid file: "/inc/body.php"
in SYSTEMPATH\Exceptions\FrameworkException.php on line 39.
 1 SYSTEMPATH\View\View.php(214): CodeIgniter\Exceptions\FrameworkException::forInvalidFile('/inc/body.php')
 2 SYSTEMPATH\View\View.php(467): CodeIgniter\View\View->render('/inc/body', null, true)
 3 APPPATH\Views\register.php(4): CodeIgniter\View\View->include('/inc/body')
 4 SYSTEMPATH\View\View.php(226): include('C:\\laragon\\www\\laboratory03\\app\\Views\\register.php')
 5 SYSTEMPATH\View\View.php(229): CodeIgniter\View\View->CodeIgniter\View\{closure}()
 6 SYSTEMPATH\Common.php(1188): CodeIgniter\View\View->render('register', [], true)
 7 APPPATH\Controllers\Home.php(72): view('register')
 8 SYSTEMPATH\CodeIgniter.php(919): App\Controllers\Home->regis()
 9 SYSTEMPATH\CodeIgniter.php(494): CodeIgniter\CodeIgniter->runController(Object(App\Controllers\Home))
10 SYSTEMPATH\CodeIgniter.php(353): CodeIgniter\CodeIgniter->handleRequest(null, Object(Config\Cache), false)
11 FCPATH\index.php(79): CodeIgniter\CodeIgniter->run()
12 SYSTEMPATH\Commands\Server\rewrite.php(47): require_once('C:\\laragon\\www\\laboratory03\\public\\index.php')
CRITICAL - 2023-09-30 11:32:08 --> Undefined property: App\Controllers\Home::$form_validation
in APPPATH\Controllers\Home.php on line 77.
 1 APPPATH\Controllers\Home.php(77): CodeIgniter\Debug\Exceptions->errorHandler(2, 'Undefined property: App\\Controllers\\Home::$form_validation', 'C:\\laragon\\www\\laboratory03\\app\\Controllers\\Home.php', 77)
 2 SYSTEMPATH\CodeIgniter.php(919): App\Controllers\Home->register()
 3 SYSTEMPATH\CodeIgniter.php(494): CodeIgniter\CodeIgniter->runController(Object(App\Controllers\Home))
 4 SYSTEMPATH\CodeIgniter.php(353): CodeIgniter\CodeIgniter->handleRequest(null, Object(Config\Cache), false)
 5 FCPATH\index.php(79): CodeIgniter\CodeIgniter->run()
 6 SYSTEMPATH\Commands\Server\rewrite.php(47): require_once('C:\\laragon\\www\\laboratory03\\public\\index.php')
CRITICAL - 2023-09-30 11:33:27 --> Undefined variable $form_validation
in APPPATH\Controllers\Home.php on line 77.
 1 APPPATH\Controllers\Home.php(77): CodeIgniter\Debug\Exceptions->errorHandler(2, 'Undefined variable $form_validation', 'C:\\laragon\\www\\laboratory03\\app\\Controllers\\Home.php', 77)
 2 SYSTEMPATH\CodeIgniter.php(919): App\Controllers\Home->register()
 3 SYSTEMPATH\CodeIgniter.php(494): CodeIgniter\CodeIgniter->runController(Object(App\Controllers\Home))
 4 SYSTEMPATH\CodeIgniter.php(353): CodeIgniter\CodeIgniter->handleRequest(null, Object(Config\Cache), false)
 5 FCPATH\index.php(79): CodeIgniter\CodeIgniter->run()
 6 SYSTEMPATH\Commands\Server\rewrite.php(47): require_once('C:\\laragon\\www\\laboratory03\\public\\index.php')
CRITICAL - 2023-09-30 11:34:47 --> Cannot call constructor
in APPPATH\Controllers\Home.php on line 15.
 1 SYSTEMPATH\CodeIgniter.php(891): App\Controllers\Home->__construct()
 2 SYSTEMPATH\CodeIgniter.php(485): CodeIgniter\CodeIgniter->createController()
 3 SYSTEMPATH\CodeIgniter.php(353): CodeIgniter\CodeIgniter->handleRequest(null, Object(Config\Cache), false)
 4 FCPATH\index.php(79): CodeIgniter\CodeIgniter->run()
 5 SYSTEMPATH\Commands\Server\rewrite.php(47): require_once('C:\\laragon\\www\\laboratory03\\public\\index.php')
CRITICAL - 2023-09-30 11:35:00 --> Undefined property: App\Controllers\Home::$load
in APPPATH\Controllers\Home.php on line 14.
 1 APPPATH\Controllers\Home.php(14): CodeIgniter\Debug\Exceptions->errorHandler(2, 'Undefined property: App\\Controllers\\Home::$load', 'C:\\laragon\\www\\laboratory03\\app\\Controllers\\Home.php', 14)
 2 SYSTEMPATH\CodeIgniter.php(891): App\Controllers\Home->__construct()
 3 SYSTEMPATH\CodeIgniter.php(485): CodeIgniter\CodeIgniter->createController()
 4 SYSTEMPATH\CodeIgniter.php(353): CodeIgniter\CodeIgniter->handleRequest(null, Object(Config\Cache), false)
 5 FCPATH\index.php(79): CodeIgniter\CodeIgniter->run()
 6 SYSTEMPATH\Commands\Server\rewrite.php(47): require_once('C:\\laragon\\www\\laboratory03\\public\\index.php')
CRITICAL - 2023-09-30 11:35:30 --> Cannot call constructor
in APPPATH\Controllers\Home.php on line 16.
 1 SYSTEMPATH\CodeIgniter.php(891): App\Controllers\Home->__construct()
 2 SYSTEMPATH\CodeIgniter.php(485): CodeIgniter\CodeIgniter->createController()
 3 SYSTEMPATH\CodeIgniter.php(353): CodeIgniter\CodeIgniter->handleRequest(null, Object(Config\Cache), false)
 4 FCPATH\index.php(79): CodeIgniter\CodeIgniter->run()
 5 SYSTEMPATH\Commands\Server\rewrite.php(47): require_once('C:\\laragon\\www\\laboratory03\\public\\index.php')
CRITICAL - 2023-09-30 11:35:43 --> Call to a member function library() on null
in APPPATH\Controllers\Home.php on line 16.
 1 SYSTEMPATH\CodeIgniter.php(891): App\Controllers\Home->__construct()
 2 SYSTEMPATH\CodeIgniter.php(485): CodeIgniter\CodeIgniter->createController()
 3 SYSTEMPATH\CodeIgniter.php(353): CodeIgniter\CodeIgniter->handleRequest(null, Object(Config\Cache), false)
 4 FCPATH\index.php(79): CodeIgniter\CodeIgniter->run()
 5 SYSTEMPATH\Commands\Server\rewrite.php(47): require_once('C:\\laragon\\www\\laboratory03\\public\\index.php')
CRITICAL - 2023-09-30 11:36:29 --> Cannot redeclare App\Controllers\Home::__construct()
in APPPATH\Controllers\Home.php on line 18.
 1 [internal function]: CodeIgniter\Debug\Exceptions->shutdownHandler()
CRITICAL - 2023-09-30 11:37:54 --> Cannot call constructor
in APPPATH\Controllers\Home.php on line 14.
 1 SYSTEMPATH\CodeIgniter.php(891): App\Controllers\Home->__construct()
 2 SYSTEMPATH\CodeIgniter.php(485): CodeIgniter\CodeIgniter->createController()
 3 SYSTEMPATH\CodeIgniter.php(353): CodeIgniter\CodeIgniter->handleRequest(null, Object(Config\Cache), false)
 4 FCPATH\index.php(79): CodeIgniter\CodeIgniter->run()
 5 SYSTEMPATH\Commands\Server\rewrite.php(47): require_once('C:\\laragon\\www\\laboratory03\\public\\index.php')
CRITICAL - 2023-09-30 11:39:39 --> Call to undefined method CodeIgniter\Validation\Validation::set_rules()
in APPPATH\Controllers\Home.php on line 81.
 1 SYSTEMPATH\CodeIgniter.php(919): App\Controllers\Home->register()
 2 SYSTEMPATH\CodeIgniter.php(494): CodeIgniter\CodeIgniter->runController(Object(App\Controllers\Home))
 3 SYSTEMPATH\CodeIgniter.php(353): CodeIgniter\CodeIgniter->handleRequest(null, Object(Config\Cache), false)
 4 FCPATH\index.php(79): CodeIgniter\CodeIgniter->run()
 5 SYSTEMPATH\Commands\Server\rewrite.php(47): require_once('C:\\laragon\\www\\laboratory03\\public\\index.php')
CRITICAL - 2023-09-30 11:43:43 --> Call to undefined function form_error()
in APPPATH\Views\inc\r_body.php on line 36.
 1 SYSTEMPATH\View\View.php(226): include()
 2 SYSTEMPATH\View\View.php(229): CodeIgniter\View\View->CodeIgniter\View\{closure}()
 3 SYSTEMPATH\View\View.php(467): CodeIgniter\View\View->render('/inc/r_body', null, true)
 4 APPPATH\Views\register.php(4): CodeIgniter\View\View->include('/inc/r_body')
 5 SYSTEMPATH\View\View.php(226): include('C:\\laragon\\www\\laboratory03\\app\\Views\\register.php')
 6 SYSTEMPATH\View\View.php(229): CodeIgniter\View\View->CodeIgniter\View\{closure}()
 7 SYSTEMPATH\Common.php(1188): CodeIgniter\View\View->render('register', [], true)
 8 APPPATH\Controllers\Home.php(76): view('register')
 9 SYSTEMPATH\CodeIgniter.php(919): App\Controllers\Home->regis()
10 SYSTEMPATH\CodeIgniter.php(494): CodeIgniter\CodeIgniter->runController(Object(App\Controllers\Home))
11 SYSTEMPATH\CodeIgniter.php(353): CodeIgniter\CodeIgniter->handleRequest(null, Object(Config\Cache), false)
12 FCPATH\index.php(79): CodeIgniter\CodeIgniter->run()
13 SYSTEMPATH\Commands\Server\rewrite.php(47): require_once('C:\\laragon\\www\\laboratory03\\public\\index.php')
CRITICAL - 2023-09-30 11:46:21 --> Undefined property: App\Controllers\Home::$load
in APPPATH\Controllers\Home.php on line 15.
 1 APPPATH\Controllers\Home.php(15): CodeIgniter\Debug\Exceptions->errorHandler(2, 'Undefined property: App\\Controllers\\Home::$load', 'C:\\laragon\\www\\laboratory03\\app\\Controllers\\Home.php', 15)
 2 SYSTEMPATH\CodeIgniter.php(891): App\Controllers\Home->__construct()
 3 SYSTEMPATH\CodeIgniter.php(485): CodeIgniter\CodeIgniter->createController()
 4 SYSTEMPATH\CodeIgniter.php(353): CodeIgniter\CodeIgniter->handleRequest(null, Object(Config\Cache), false)
 5 FCPATH\index.php(79): CodeIgniter\CodeIgniter->run()
 6 SYSTEMPATH\Commands\Server\rewrite.php(47): require_once('C:\\laragon\\www\\laboratory03\\public\\index.php')
CRITICAL - 2023-09-30 11:47:38 --> Cannot call constructor
in APPPATH\Controllers\Home.php on line 14.
 1 SYSTEMPATH\CodeIgniter.php(891): App\Controllers\Home->__construct()
 2 SYSTEMPATH\CodeIgniter.php(485): CodeIgniter\CodeIgniter->createController()
 3 SYSTEMPATH\CodeIgniter.php(353): CodeIgniter\CodeIgniter->handleRequest(null, Object(Config\Cache), false)
 4 FCPATH\index.php(79): CodeIgniter\CodeIgniter->run()
 5 SYSTEMPATH\Commands\Server\rewrite.php(47): require_once('C:\\laragon\\www\\laboratory03\\public\\index.php')
CRITICAL - 2023-09-30 11:49:35 --> Call to undefined function form_error()
in APPPATH\Views\inc\r_body.php on line 36.
 1 SYSTEMPATH\View\View.php(226): include()
 2 SYSTEMPATH\View\View.php(229): CodeIgniter\View\View->CodeIgniter\View\{closure}()
 3 SYSTEMPATH\View\View.php(467): CodeIgniter\View\View->render('/inc/r_body', null, true)
 4 APPPATH\Views\register.php(4): CodeIgniter\View\View->include('/inc/r_body')
 5 SYSTEMPATH\View\View.php(226): include('C:\\laragon\\www\\laboratory03\\app\\Views\\register.php')
 6 SYSTEMPATH\View\View.php(229): CodeIgniter\View\View->CodeIgniter\View\{closure}()
 7 SYSTEMPATH\Common.php(1188): CodeIgniter\View\View->render('register', [], true)
 8 APPPATH\Controllers\Home.php(74): view('register')
 9 SYSTEMPATH\CodeIgniter.php(919): App\Controllers\Home->regis()
10 SYSTEMPATH\CodeIgniter.php(494): CodeIgniter\CodeIgniter->runController(Object(App\Controllers\Home))
11 SYSTEMPATH\CodeIgniter.php(353): CodeIgniter\CodeIgniter->handleRequest(null, Object(Config\Cache), false)
12 FCPATH\index.php(79): CodeIgniter\CodeIgniter->run()
13 SYSTEMPATH\Commands\Server\rewrite.php(47): require_once('C:\\laragon\\www\\laboratory03\\public\\index.php')
CRITICAL - 2023-09-30 11:51:02 --> Call to undefined function form_error()
in APPPATH\Views\inc\r_body.php on line 36.
 1 SYSTEMPATH\View\View.php(226): include()
 2 SYSTEMPATH\View\View.php(229): CodeIgniter\View\View->CodeIgniter\View\{closure}()
 3 SYSTEMPATH\View\View.php(467): CodeIgniter\View\View->render('/inc/r_body', null, true)
 4 APPPATH\Views\register.php(4): CodeIgniter\View\View->include('/inc/r_body')
 5 SYSTEMPATH\View\View.php(226): include('C:\\laragon\\www\\laboratory03\\app\\Views\\register.php')
 6 SYSTEMPATH\View\View.php(229): CodeIgniter\View\View->CodeIgniter\View\{closure}()
 7 SYSTEMPATH\Common.php(1188): CodeIgniter\View\View->render('register', [], true)
 8 APPPATH\Controllers\Home.php(74): view('register')
 9 SYSTEMPATH\CodeIgniter.php(919): App\Controllers\Home->regis()
10 SYSTEMPATH\CodeIgniter.php(494): CodeIgniter\CodeIgniter->runController(Object(App\Controllers\Home))
11 SYSTEMPATH\CodeIgniter.php(353): CodeIgniter\CodeIgniter->handleRequest(null, Object(Config\Cache), false)
12 FCPATH\index.php(79): CodeIgniter\CodeIgniter->run()
13 SYSTEMPATH\Commands\Server\rewrite.php(47): require_once('C:\\laragon\\www\\laboratory03\\public\\index.php')
CRITICAL - 2023-09-30 11:53:04 --> Call to undefined function form_error()
in APPPATH\Views\inc\r_body.php on line 36.
 1 SYSTEMPATH\View\View.php(226): include()
 2 SYSTEMPATH\View\View.php(229): CodeIgniter\View\View->CodeIgniter\View\{closure}()
 3 SYSTEMPATH\View\View.php(467): CodeIgniter\View\View->render('/inc/r_body', null, true)
 4 APPPATH\Views\register.php(4): CodeIgniter\View\View->include('/inc/r_body')
 5 SYSTEMPATH\View\View.php(226): include('C:\\laragon\\www\\laboratory03\\app\\Views\\register.php')
 6 SYSTEMPATH\View\View.php(229): CodeIgniter\View\View->CodeIgniter\View\{closure}()
 7 SYSTEMPATH\Common.php(1188): CodeIgniter\View\View->render('register', [], true)
 8 APPPATH\Controllers\Home.php(74): view('register')
 9 SYSTEMPATH\CodeIgniter.php(919): App\Controllers\Home->regis()
10 SYSTEMPATH\CodeIgniter.php(494): CodeIgniter\CodeIgniter->runController(Object(App\Controllers\Home))
11 SYSTEMPATH\CodeIgniter.php(353): CodeIgniter\CodeIgniter->handleRequest(null, Object(Config\Cache), false)
12 FCPATH\index.php(79): CodeIgniter\CodeIgniter->run()
13 SYSTEMPATH\Commands\Server\rewrite.php(47): require_once('C:\\laragon\\www\\laboratory03\\public\\index.php')
CRITICAL - 2023-09-30 11:53:06 --> Call to undefined function form_error()
in APPPATH\Views\inc\r_body.php on line 36.
 1 SYSTEMPATH\View\View.php(226): include()
 2 SYSTEMPATH\View\View.php(229): CodeIgniter\View\View->CodeIgniter\View\{closure}()
 3 SYSTEMPATH\View\View.php(467): CodeIgniter\View\View->render('/inc/r_body', null, true)
 4 APPPATH\Views\register.php(4): CodeIgniter\View\View->include('/inc/r_body')
 5 SYSTEMPATH\View\View.php(226): include('C:\\laragon\\www\\laboratory03\\app\\Views\\register.php')
 6 SYSTEMPATH\View\View.php(229): CodeIgniter\View\View->CodeIgniter\View\{closure}()
 7 SYSTEMPATH\Common.php(1188): CodeIgniter\View\View->render('register', [], true)
 8 APPPATH\Controllers\Home.php(74): view('register')
 9 SYSTEMPATH\CodeIgniter.php(919): App\Controllers\Home->regis()
10 SYSTEMPATH\CodeIgniter.php(494): CodeIgniter\CodeIgniter->runController(Object(App\Controllers\Home))
11 SYSTEMPATH\CodeIgniter.php(353): CodeIgniter\CodeIgniter->handleRequest(null, Object(Config\Cache), false)
12 FCPATH\index.php(79): CodeIgniter\CodeIgniter->run()
13 SYSTEMPATH\Commands\Server\rewrite.php(47): require_once('C:\\laragon\\www\\laboratory03\\public\\index.php')
CRITICAL - 2023-09-30 11:54:08 --> Call to undefined function form_error()
in APPPATH\Views\inc\r_body.php on line 36.
 1 SYSTEMPATH\View\View.php(226): include()
 2 SYSTEMPATH\View\View.php(229): CodeIgniter\View\View->CodeIgniter\View\{closure}()
 3 SYSTEMPATH\View\View.php(467): CodeIgniter\View\View->render('/inc/r_body', null, true)
 4 APPPATH\Views\register.php(4): CodeIgniter\View\View->include('/inc/r_body')
 5 SYSTEMPATH\View\View.php(226): include('C:\\laragon\\www\\laboratory03\\app\\Views\\register.php')
 6 SYSTEMPATH\View\View.php(229): CodeIgniter\View\View->CodeIgniter\View\{closure}()
 7 SYSTEMPATH\Common.php(1188): CodeIgniter\View\View->render('register', [], true)
 8 APPPATH\Controllers\Home.php(74): view('register')
 9 SYSTEMPATH\CodeIgniter.php(919): App\Controllers\Home->regis()
10 SYSTEMPATH\CodeIgniter.php(494): CodeIgniter\CodeIgniter->runController(Object(App\Controllers\Home))
11 SYSTEMPATH\CodeIgniter.php(353): CodeIgniter\CodeIgniter->handleRequest(null, Object(Config\Cache), false)
12 FCPATH\index.php(79): CodeIgniter\CodeIgniter->run()
13 SYSTEMPATH\Commands\Server\rewrite.php(47): require_once('C:\\laragon\\www\\laboratory03\\public\\index.php')
CRITICAL - 2023-09-30 11:56:11 --> Undefined variable $validation
in APPPATH\Views\inc\r_body.php on line 36.
 1 APPPATH\Views\inc\r_body.php(36): CodeIgniter\Debug\Exceptions->errorHandler(2, 'Undefined variable $validation', 'C:\\laragon\\www\\laboratory03\\app\\Views\\inc\\r_body.php', 36)
 2 SYSTEMPATH\View\View.php(226): include('C:\\laragon\\www\\laboratory03\\app\\Views\\inc\\r_body.php')
 3 SYSTEMPATH\View\View.php(229): CodeIgniter\View\View->CodeIgniter\View\{closure}()
 4 SYSTEMPATH\View\View.php(467): CodeIgniter\View\View->render('/inc/r_body', null, true)
 5 APPPATH\Views\register.php(4): CodeIgniter\View\View->include('/inc/r_body')
 6 SYSTEMPATH\View\View.php(226): include('C:\\laragon\\www\\laboratory03\\app\\Views\\register.php')
 7 SYSTEMPATH\View\View.php(229): CodeIgniter\View\View->CodeIgniter\View\{closure}()
 8 SYSTEMPATH\Common.php(1188): CodeIgniter\View\View->render('register', [], true)
 9 APPPATH\Controllers\Home.php(74): view('register')
10 SYSTEMPATH\CodeIgniter.php(919): App\Controllers\Home->regis()
11 SYSTEMPATH\CodeIgniter.php(494): CodeIgniter\CodeIgniter->runController(Object(App\Controllers\Home))
12 SYSTEMPATH\CodeIgniter.php(353): CodeIgniter\CodeIgniter->handleRequest(null, Object(Config\Cache), false)
13 FCPATH\index.php(79): CodeIgniter\CodeIgniter->run()
14 SYSTEMPATH\Commands\Server\rewrite.php(47): require_once('C:\\laragon\\www\\laboratory03\\public\\index.php')
CRITICAL - 2023-09-30 11:58:28 --> Undefined variable $validation
in APPPATH\Views\inc\r_body.php on line 36.
 1 APPPATH\Views\inc\r_body.php(36): CodeIgniter\Debug\Exceptions->errorHandler(2, 'Undefined variable $validation', 'C:\\laragon\\www\\laboratory03\\app\\Views\\inc\\r_body.php', 36)
 2 SYSTEMPATH\View\View.php(226): include('C:\\laragon\\www\\laboratory03\\app\\Views\\inc\\r_body.php')
 3 SYSTEMPATH\View\View.php(229): CodeIgniter\View\View->CodeIgniter\View\{closure}()
 4 SYSTEMPATH\View\View.php(467): CodeIgniter\View\View->render('/inc/r_body', null, true)
 5 APPPATH\Views\register.php(4): CodeIgniter\View\View->include('/inc/r_body')
 6 SYSTEMPATH\View\View.php(226): include('C:\\laragon\\www\\laboratory03\\app\\Views\\register.php')
 7 SYSTEMPATH\View\View.php(229): CodeIgniter\View\View->CodeIgniter\View\{closure}()
 8 SYSTEMPATH\Common.php(1188): CodeIgniter\View\View->render('register', [], true)
 9 APPPATH\Controllers\Home.php(93): view('register')
10 SYSTEMPATH\CodeIgniter.php(919): App\Controllers\Home->register()
11 SYSTEMPATH\CodeIgniter.php(494): CodeIgniter\CodeIgniter->runController(Object(App\Controllers\Home))
12 SYSTEMPATH\CodeIgniter.php(353): CodeIgniter\CodeIgniter->handleRequest(null, Object(Config\Cache), false)
13 FCPATH\index.php(79): CodeIgniter\CodeIgniter->run()
14 SYSTEMPATH\Commands\Server\rewrite.php(47): require_once('C:\\laragon\\www\\laboratory03\\public\\index.php')
CRITICAL - 2023-09-30 11:58:56 --> Undefined variable $validation
in APPPATH\Views\inc\r_body.php on line 36.
 1 APPPATH\Views\inc\r_body.php(36): CodeIgniter\Debug\Exceptions->errorHandler(2, 'Undefined variable $validation', 'C:\\laragon\\www\\laboratory03\\app\\Views\\inc\\r_body.php', 36)
 2 SYSTEMPATH\View\View.php(226): include('C:\\laragon\\www\\laboratory03\\app\\Views\\inc\\r_body.php')
 3 SYSTEMPATH\View\View.php(229): CodeIgniter\View\View->CodeIgniter\View\{closure}()
 4 SYSTEMPATH\View\View.php(467): CodeIgniter\View\View->render('/inc/r_body', null, true)
 5 APPPATH\Views\register.php(4): CodeIgniter\View\View->include('/inc/r_body')
 6 SYSTEMPATH\View\View.php(226): include('C:\\laragon\\www\\laboratory03\\app\\Views\\register.php')
 7 SYSTEMPATH\View\View.php(229): CodeIgniter\View\View->CodeIgniter\View\{closure}()
 8 SYSTEMPATH\Common.php(1188): CodeIgniter\View\View->render('register', [], true)
 9 APPPATH\Controllers\Home.php(93): view('register')
10 SYSTEMPATH\CodeIgniter.php(919): App\Controllers\Home->register()
11 SYSTEMPATH\CodeIgniter.php(494): CodeIgniter\CodeIgniter->runController(Object(App\Controllers\Home))
12 SYSTEMPATH\CodeIgniter.php(353): CodeIgniter\CodeIgniter->handleRequest(null, Object(Config\Cache), false)
13 FCPATH\index.php(79): CodeIgniter\CodeIgniter->run()
14 SYSTEMPATH\Commands\Server\rewrite.php(47): require_once('C:\\laragon\\www\\laboratory03\\public\\index.php')
CRITICAL - 2023-09-30 11:59:07 --> Undefined variable $validation
in APPPATH\Views\inc\r_body.php on line 36.
 1 APPPATH\Views\inc\r_body.php(36): CodeIgniter\Debug\Exceptions->errorHandler(2, 'Undefined variable $validation', 'C:\\laragon\\www\\laboratory03\\app\\Views\\inc\\r_body.php', 36)
 2 SYSTEMPATH\View\View.php(226): include('C:\\laragon\\www\\laboratory03\\app\\Views\\inc\\r_body.php')
 3 SYSTEMPATH\View\View.php(229): CodeIgniter\View\View->CodeIgniter\View\{closure}()
 4 SYSTEMPATH\View\View.php(467): CodeIgniter\View\View->render('/inc/r_body', null, true)
 5 APPPATH\Views\register.php(4): CodeIgniter\View\View->include('/inc/r_body')
 6 SYSTEMPATH\View\View.php(226): include('C:\\laragon\\www\\laboratory03\\app\\Views\\register.php')
 7 SYSTEMPATH\View\View.php(229): CodeIgniter\View\View->CodeIgniter\View\{closure}()
 8 SYSTEMPATH\Common.php(1188): CodeIgniter\View\View->render('register', [], true)
 9 APPPATH\Controllers\Home.php(93): view('register')
10 SYSTEMPATH\CodeIgniter.php(919): App\Controllers\Home->register()
11 SYSTEMPATH\CodeIgniter.php(494): CodeIgniter\CodeIgniter->runController(Object(App\Controllers\Home))
12 SYSTEMPATH\CodeIgniter.php(353): CodeIgniter\CodeIgniter->handleRequest(null, Object(Config\Cache), false)
13 FCPATH\index.php(79): CodeIgniter\CodeIgniter->run()
14 SYSTEMPATH\Commands\Server\rewrite.php(47): require_once('C:\\laragon\\www\\laboratory03\\public\\index.php')
CRITICAL - 2023-09-30 12:03:19 --> Undefined variable $validation
in APPPATH\Views\inc\r_body.php on line 36.
 1 APPPATH\Views\inc\r_body.php(36): CodeIgniter\Debug\Exceptions->errorHandler(2, 'Undefined variable $validation', 'C:\\laragon\\www\\laboratory03\\app\\Views\\inc\\r_body.php', 36)
 2 SYSTEMPATH\View\View.php(226): include('C:\\laragon\\www\\laboratory03\\app\\Views\\inc\\r_body.php')
 3 SYSTEMPATH\View\View.php(229): CodeIgniter\View\View->CodeIgniter\View\{closure}()
 4 SYSTEMPATH\View\View.php(467): CodeIgniter\View\View->render('/inc/r_body', null, true)
 5 APPPATH\Views\register.php(4): CodeIgniter\View\View->include('/inc/r_body')
 6 SYSTEMPATH\View\View.php(226): include('C:\\laragon\\www\\laboratory03\\app\\Views\\register.php')
 7 SYSTEMPATH\View\View.php(229): CodeIgniter\View\View->CodeIgniter\View\{closure}()
 8 SYSTEMPATH\Common.php(1188): CodeIgniter\View\View->render('register', [], true)
 9 APPPATH\Controllers\Home.php(93): view('register')
10 SYSTEMPATH\CodeIgniter.php(919): App\Controllers\Home->register()
11 SYSTEMPATH\CodeIgniter.php(494): CodeIgniter\CodeIgniter->runController(Object(App\Controllers\Home))
12 SYSTEMPATH\CodeIgniter.php(353): CodeIgniter\CodeIgniter->handleRequest(null, Object(Config\Cache), false)
13 FCPATH\index.php(79): CodeIgniter\CodeIgniter->run()
14 SYSTEMPATH\Commands\Server\rewrite.php(47): require_once('C:\\laragon\\www\\laboratory03\\public\\index.php')
CRITICAL - 2023-09-30 12:09:40 --> Call to undefined method CodeIgniter\HTTP\IncomingRequest::post()
in APPPATH\Controllers\Home.php on line 92.
 1 SYSTEMPATH\CodeIgniter.php(919): App\Controllers\Home->register()
 2 SYSTEMPATH\CodeIgniter.php(494): CodeIgniter\CodeIgniter->runController(Object(App\Controllers\Home))
 3 SYSTEMPATH\CodeIgniter.php(353): CodeIgniter\CodeIgniter->handleRequest(null, Object(Config\Cache), false)
 4 FCPATH\index.php(79): CodeIgniter\CodeIgniter->run()
 5 SYSTEMPATH\Commands\Server\rewrite.php(47): require_once('C:\\laragon\\www\\laboratory03\\public\\index.php')
CRITICAL - 2023-09-30 12:15:07 --> Call to undefined method CodeIgniter\HTTP\IncomingRequest::post()
in APPPATH\Controllers\Home.php on line 93.
 1 SYSTEMPATH\CodeIgniter.php(919): App\Controllers\Home->register()
 2 SYSTEMPATH\CodeIgniter.php(494): CodeIgniter\CodeIgniter->runController(Object(App\Controllers\Home))
 3 SYSTEMPATH\CodeIgniter.php(353): CodeIgniter\CodeIgniter->handleRequest(null, Object(Config\Cache), false)
 4 FCPATH\index.php(79): CodeIgniter\CodeIgniter->run()
 5 SYSTEMPATH\Commands\Server\rewrite.php(47): require_once('C:\\laragon\\www\\laboratory03\\public\\index.php')
CRITICAL - 2023-09-30 12:18:45 --> Undefined variable $product
in APPPATH\Views\inc\section_2.php on line 20.
 1 APPPATH\Views\inc\section_2.php(20): CodeIgniter\Debug\Exceptions->errorHandler(2, 'Undefined variable $product', 'C:\\laragon\\www\\laboratory03\\app\\Views\\inc\\section_2.php', 20)
 2 SYSTEMPATH\View\View.php(226): include('C:\\laragon\\www\\laboratory03\\app\\Views\\inc\\section_2.php')
 3 SYSTEMPATH\View\View.php(229): CodeIgniter\View\View->CodeIgniter\View\{closure}()
 4 SYSTEMPATH\View\View.php(467): CodeIgniter\View\View->render('/inc/section_2', null, true)
 5 APPPATH\Views\index.php(6): CodeIgniter\View\View->include('/inc/section_2')
 6 SYSTEMPATH\View\View.php(226): include('C:\\laragon\\www\\laboratory03\\app\\Views\\index.php')
 7 SYSTEMPATH\View\View.php(229): CodeIgniter\View\View->CodeIgniter\View\{closure}()
 8 SYSTEMPATH\Common.php(1188): CodeIgniter\View\View->render('index', [], true)
 9 APPPATH\Controllers\Home.php(100): view('index')
10 SYSTEMPATH\CodeIgniter.php(919): App\Controllers\Home->register()
11 SYSTEMPATH\CodeIgniter.php(494): CodeIgniter\CodeIgniter->runController(Object(App\Controllers\Home))
12 SYSTEMPATH\CodeIgniter.php(353): CodeIgniter\CodeIgniter->handleRequest(null, Object(Config\Cache), false)
13 FCPATH\index.php(79): CodeIgniter\CodeIgniter->run()
14 SYSTEMPATH\Commands\Server\rewrite.php(47): require_once('C:\\laragon\\www\\laboratory03\\public\\index.php')
CRITICAL - 2023-09-30 12:24:28 --> Call to undefined method CodeIgniter\HTTP\IncomingRequest::post()
in APPPATH\Controllers\Home.php on line 93.
 1 SYSTEMPATH\CodeIgniter.php(919): App\Controllers\Home->register()
 2 SYSTEMPATH\CodeIgniter.php(494): CodeIgniter\CodeIgniter->runController(Object(App\Controllers\Home))
 3 SYSTEMPATH\CodeIgniter.php(353): CodeIgniter\CodeIgniter->handleRequest(null, Object(Config\Cache), false)
 4 FCPATH\index.php(79): CodeIgniter\CodeIgniter->run()
 5 SYSTEMPATH\Commands\Server\rewrite.php(47): require_once('C:\\laragon\\www\\laboratory03\\public\\index.php')
CRITICAL - 2023-09-30 12:26:18 --> Class "App\Controllers\UserModel" not found
in APPPATH\Controllers\Home.php on line 99.
 1 SYSTEMPATH\CodeIgniter.php(919): App\Controllers\Home->register()
 2 SYSTEMPATH\CodeIgniter.php(494): CodeIgniter\CodeIgniter->runController(Object(App\Controllers\Home))
 3 SYSTEMPATH\CodeIgniter.php(353): CodeIgniter\CodeIgniter->handleRequest(null, Object(Config\Cache), false)
 4 FCPATH\index.php(79): CodeIgniter\CodeIgniter->run()
 5 SYSTEMPATH\Commands\Server\rewrite.php(47): require_once('C:\\laragon\\www\\laboratory03\\public\\index.php')
CRITICAL - 2023-09-30 12:28:12 --> Undefined variable $validation
in APPPATH\Views\inc\r_body.php on line 36.
 1 APPPATH\Views\inc\r_body.php(36): CodeIgniter\Debug\Exceptions->errorHandler(2, 'Undefined variable $validation', 'C:\\laragon\\www\\laboratory03\\app\\Views\\inc\\r_body.php', 36)
 2 SYSTEMPATH\View\View.php(226): include('C:\\laragon\\www\\laboratory03\\app\\Views\\inc\\r_body.php')
 3 SYSTEMPATH\View\View.php(229): CodeIgniter\View\View->CodeIgniter\View\{closure}()
 4 SYSTEMPATH\View\View.php(467): CodeIgniter\View\View->render('/inc/r_body', null, true)
 5 APPPATH\Views\register.php(4): CodeIgniter\View\View->include('/inc/r_body')
 6 SYSTEMPATH\View\View.php(226): include('C:\\laragon\\www\\laboratory03\\app\\Views\\register.php')
 7 SYSTEMPATH\View\View.php(229): CodeIgniter\View\View->CodeIgniter\View\{closure}()
 8 SYSTEMPATH\Common.php(1188): CodeIgniter\View\View->render('register', [], true)
 9 APPPATH\Controllers\Home.php(114): view('register')
10 SYSTEMPATH\CodeIgniter.php(919): App\Controllers\Home->register()
11 SYSTEMPATH\CodeIgniter.php(494): CodeIgniter\CodeIgniter->runController(Object(App\Controllers\Home))
12 SYSTEMPATH\CodeIgniter.php(353): CodeIgniter\CodeIgniter->handleRequest(null, Object(Config\Cache), false)
13 FCPATH\index.php(79): CodeIgniter\CodeIgniter->run()
14 SYSTEMPATH\Commands\Server\rewrite.php(47): require_once('C:\\laragon\\www\\laboratory03\\public\\index.php')
CRITICAL - 2023-09-30 12:28:30 --> Class "App\Controllers\UserModel" not found
in APPPATH\Controllers\Home.php on line 99.
 1 SYSTEMPATH\CodeIgniter.php(919): App\Controllers\Home->register()
 2 SYSTEMPATH\CodeIgniter.php(494): CodeIgniter\CodeIgniter->runController(Object(App\Controllers\Home))
 3 SYSTEMPATH\CodeIgniter.php(353): CodeIgniter\CodeIgniter->handleRequest(null, Object(Config\Cache), false)
 4 FCPATH\index.php(79): CodeIgniter\CodeIgniter->run()
 5 SYSTEMPATH\Commands\Server\rewrite.php(47): require_once('C:\\laragon\\www\\laboratory03\\public\\index.php')
CRITICAL - 2023-09-30 12:30:08 --> Class "App\Controllers\UserModel" not found
in APPPATH\Controllers\Home.php on line 99.
 1 SYSTEMPATH\CodeIgniter.php(919): App\Controllers\Home->register()
 2 SYSTEMPATH\CodeIgniter.php(494): CodeIgniter\CodeIgniter->runController(Object(App\Controllers\Home))
 3 SYSTEMPATH\CodeIgniter.php(353): CodeIgniter\CodeIgniter->handleRequest(null, Object(Config\Cache), false)
 4 FCPATH\index.php(79): CodeIgniter\CodeIgniter->run()
 5 SYSTEMPATH\Commands\Server\rewrite.php(47): require_once('C:\\laragon\\www\\laboratory03\\public\\index.php')
CRITICAL - 2023-09-30 12:35:51 --> Call to undefined method App\Models\UserModel::registerUser
in SYSTEMPATH\Model.php on line 873.
 1 APPPATH\Controllers\Home.php(100): CodeIgniter\Model->__call('registerUser', [...])
 2 SYSTEMPATH\CodeIgniter.php(919): App\Controllers\Home->register()
 3 SYSTEMPATH\CodeIgniter.php(494): CodeIgniter\CodeIgniter->runController(Object(App\Controllers\Home))
 4 SYSTEMPATH\CodeIgniter.php(353): CodeIgniter\CodeIgniter->handleRequest(null, Object(Config\Cache), false)
 5 FCPATH\index.php(79): CodeIgniter\CodeIgniter->run()
 6 SYSTEMPATH\Commands\Server\rewrite.php(47): require_once('C:\\laragon\\www\\laboratory03\\public\\index.php')
CRITICAL - 2023-09-30 12:36:56 --> Call to undefined method App\Models\UserModel::UserModel
in SYSTEMPATH\Model.php on line 873.
 1 APPPATH\Controllers\Home.php(100): CodeIgniter\Model->__call('UserModel', [...])
 2 SYSTEMPATH\CodeIgniter.php(919): App\Controllers\Home->register()
 3 SYSTEMPATH\CodeIgniter.php(494): CodeIgniter\CodeIgniter->runController(Object(App\Controllers\Home))
 4 SYSTEMPATH\CodeIgniter.php(353): CodeIgniter\CodeIgniter->handleRequest(null, Object(Config\Cache), false)
 5 FCPATH\index.php(79): CodeIgniter\CodeIgniter->run()
 6 SYSTEMPATH\Commands\Server\rewrite.php(47): require_once('C:\\laragon\\www\\laboratory03\\public\\index.php')
CRITICAL - 2023-09-30 12:48:31 --> Undefined variable $product
in APPPATH\Views\inc\section_2.php on line 21.
 1 APPPATH\Views\inc\section_2.php(21): CodeIgniter\Debug\Exceptions->errorHandler(2, 'Undefined variable $product', 'C:\\laragon\\www\\laboratory03\\app\\Views\\inc\\section_2.php', 21)
 2 SYSTEMPATH\View\View.php(226): include('C:\\laragon\\www\\laboratory03\\app\\Views\\inc\\section_2.php')
 3 SYSTEMPATH\View\View.php(229): CodeIgniter\View\View->CodeIgniter\View\{closure}()
 4 SYSTEMPATH\View\View.php(467): CodeIgniter\View\View->render('/inc/section_2', null, true)
 5 APPPATH\Views\index.php(6): CodeIgniter\View\View->include('/inc/section_2')
 6 SYSTEMPATH\View\View.php(226): include('C:\\laragon\\www\\laboratory03\\app\\Views\\index.php')
 7 SYSTEMPATH\View\View.php(229): CodeIgniter\View\View->CodeIgniter\View\{closure}()
 8 SYSTEMPATH\Common.php(1188): CodeIgniter\View\View->render('index', [], true)
 9 APPPATH\Controllers\Home.php(26): view('index')
10 SYSTEMPATH\CodeIgniter.php(919): App\Controllers\Home->delete('6')
11 SYSTEMPATH\CodeIgniter.php(494): CodeIgniter\CodeIgniter->runController(Object(App\Controllers\Home))
12 SYSTEMPATH\CodeIgniter.php(353): CodeIgniter\CodeIgniter->handleRequest(null, Object(Config\Cache), false)
13 FCPATH\index.php(79): CodeIgniter\CodeIgniter->run()
14 SYSTEMPATH\Commands\Server\rewrite.php(47): require_once('C:\\laragon\\www\\laboratory03\\public\\index.php')
CRITICAL - 2023-09-30 12:51:10 --> Undefined variable $product
in APPPATH\Views\inc\section_2.php on line 21.
 1 APPPATH\Views\inc\section_2.php(21): CodeIgniter\Debug\Exceptions->errorHandler(2, 'Undefined variable $product', 'C:\\laragon\\www\\laboratory03\\app\\Views\\inc\\section_2.php', 21)
 2 SYSTEMPATH\View\View.php(226): include('C:\\laragon\\www\\laboratory03\\app\\Views\\inc\\section_2.php')
 3 SYSTEMPATH\View\View.php(229): CodeIgniter\View\View->CodeIgniter\View\{closure}()
 4 SYSTEMPATH\View\View.php(467): CodeIgniter\View\View->render('/inc/section_2', null, true)
 5 APPPATH\Views\index.php(6): CodeIgniter\View\View->include('/inc/section_2')
 6 SYSTEMPATH\View\View.php(226): include('C:\\laragon\\www\\laboratory03\\app\\Views\\index.php')
 7 SYSTEMPATH\View\View.php(229): CodeIgniter\View\View->CodeIgniter\View\{closure}()
 8 SYSTEMPATH\Common.php(1188): CodeIgniter\View\View->render('index', [], true)
 9 APPPATH\Controllers\Home.php(57): view('index')
10 SYSTEMPATH\CodeIgniter.php(919): App\Controllers\Home->save()
11 SYSTEMPATH\CodeIgniter.php(494): CodeIgniter\CodeIgniter->runController(Object(App\Controllers\Home))
12 SYSTEMPATH\CodeIgniter.php(353): CodeIgniter\CodeIgniter->handleRequest(null, Object(Config\Cache), false)
13 FCPATH\index.php(79): CodeIgniter\CodeIgniter->run()
14 SYSTEMPATH\Commands\Server\rewrite.php(47): require_once('C:\\laragon\\www\\laboratory03\\public\\index.php')
