CRITICAL - 2023-09-29 13:02:56 --> Invalid file: "index.php"
in SYSTEMPATH\Exceptions\FrameworkException.php on line 39.
 1 SYSTEMPATH\View\View.php(214): CodeIgniter\Exceptions\FrameworkException::forInvalidFile('index.php')
 2 SYSTEMPATH\Common.php(1188): CodeIgniter\View\View->render('index', [], true)
 3 APPPATH\Controllers\Home.php(9): view('index')
 4 SYSTEMPATH\CodeIgniter.php(919): App\Controllers\Home->index()
 5 SYSTEMPATH\CodeIgniter.php(494): CodeIgniter\CodeIgniter->runController(Object(App\Controllers\Home))
 6 SYSTEMPATH\CodeIgniter.php(353): CodeIgniter\CodeIgniter->handleRequest(null, Object(Config\Cache), false)
 7 FCPATH\index.php(79): CodeIgniter\CodeIgniter->run()
 8 SYSTEMPATH\Commands\Server\rewrite.php(47): require_once('C:\\laragon\\www\\laboratory03\\public\\index.php')
CRITICAL - 2023-09-29 13:03:20 --> Invalid file: "index.php"
in SYSTEMPATH\Exceptions\FrameworkException.php on line 39.
 1 SYSTEMPATH\View\View.php(214): CodeIgniter\Exceptions\FrameworkException::forInvalidFile('index.php')
 2 SYSTEMPATH\Common.php(1188): CodeIgniter\View\View->render('index', [], true)
 3 APPPATH\Controllers\Home.php(9): view('index')
 4 SYSTEMPATH\CodeIgniter.php(919): App\Controllers\Home->index()
 5 SYSTEMPATH\CodeIgniter.php(494): CodeIgniter\CodeIgniter->runController(Object(App\Controllers\Home))
 6 SYSTEMPATH\CodeIgniter.php(353): CodeIgniter\CodeIgniter->handleRequest(null, Object(Config\Cache), false)
 7 FCPATH\index.php(79): CodeIgniter\CodeIgniter->run()
 8 SYSTEMPATH\Commands\Server\rewrite.php(47): require_once('C:\\laragon\\www\\laboratory03\\public\\index.php')
CRITICAL - 2023-09-29 13:30:30 --> Invalid file: "/inc/banner.php"
in SYSTEMPATH\Exceptions\FrameworkException.php on line 39.
 1 SYSTEMPATH\View\View.php(214): CodeIgniter\Exceptions\FrameworkException::forInvalidFile('/inc/banner.php')
 2 SYSTEMPATH\View\View.php(467): CodeIgniter\View\View->render('/inc/banner', null, true)
 3 APPPATH\Views\index.php(5): CodeIgniter\View\View->include('/inc/banner')
 4 SYSTEMPATH\View\View.php(226): include('C:\\laragon\\www\\laboratory03\\app\\Views\\index.php')
 5 SYSTEMPATH\View\View.php(229): CodeIgniter\View\View->CodeIgniter\View\{closure}()
 6 SYSTEMPATH\Common.php(1188): CodeIgniter\View\View->render('index', [], true)
 7 APPPATH\Controllers\Home.php(9): view('index')
 8 SYSTEMPATH\CodeIgniter.php(919): App\Controllers\Home->index()
 9 SYSTEMPATH\CodeIgniter.php(494): CodeIgniter\CodeIgniter->runController(Object(App\Controllers\Home))
10 SYSTEMPATH\CodeIgniter.php(353): CodeIgniter\CodeIgniter->handleRequest(null, Object(Config\Cache), false)
11 FCPATH\index.php(79): CodeIgniter\CodeIgniter->run()
12 SYSTEMPATH\Commands\Server\rewrite.php(47): require_once('C:\\laragon\\www\\laboratory03\\public\\index.php')
CRITICAL - 2023-09-29 14:13:26 --> Invalid file: "/inc/banner.php"
in SYSTEMPATH\Exceptions\FrameworkException.php on line 39.
 1 SYSTEMPATH\View\View.php(214): CodeIgniter\Exceptions\FrameworkException::forInvalidFile('/inc/banner.php')
 2 SYSTEMPATH\View\View.php(467): CodeIgniter\View\View->render('/inc/banner', null, true)
 3 APPPATH\Views\index.php(5): CodeIgniter\View\View->include('/inc/banner')
 4 SYSTEMPATH\View\View.php(226): include('C:\\laragon\\www\\laboratory03\\app\\Views\\index.php')
 5 SYSTEMPATH\View\View.php(229): CodeIgniter\View\View->CodeIgniter\View\{closure}()
 6 SYSTEMPATH\Common.php(1188): CodeIgniter\View\View->render('index', [], true)
 7 APPPATH\Controllers\Home.php(9): view('index')
 8 SYSTEMPATH\CodeIgniter.php(919): App\Controllers\Home->index()
 9 SYSTEMPATH\CodeIgniter.php(494): CodeIgniter\CodeIgniter->runController(Object(App\Controllers\Home))
10 SYSTEMPATH\CodeIgniter.php(353): CodeIgniter\CodeIgniter->handleRequest(null, Object(Config\Cache), false)
11 FCPATH\index.php(79): CodeIgniter\CodeIgniter->run()
12 SYSTEMPATH\Commands\Server\rewrite.php(47): require_once('C:\\laragon\\www\\laboratory03\\public\\index.php')
CRITICAL - 2023-09-29 14:30:13 --> Invalid file: "/inc/AdminFill.php"
in SYSTEMPATH\Exceptions\FrameworkException.php on line 39.
 1 SYSTEMPATH\View\View.php(214): CodeIgniter\Exceptions\FrameworkException::forInvalidFile('/inc/AdminFill.php')
 2 SYSTEMPATH\View\View.php(467): CodeIgniter\View\View->render('/inc/AdminFill', null, true)
 3 APPPATH\Views\inc\header.php(43): CodeIgniter\View\View->include('/inc/AdminFill')
 4 SYSTEMPATH\View\View.php(226): include('C:\\laragon\\www\\laboratory03\\app\\Views\\inc\\header.php')
 5 SYSTEMPATH\View\View.php(229): CodeIgniter\View\View->CodeIgniter\View\{closure}()
 6 SYSTEMPATH\View\View.php(467): CodeIgniter\View\View->render('/inc/header', null, true)
 7 APPPATH\Views\index.php(4): CodeIgniter\View\View->include('/inc/header')
 8 SYSTEMPATH\View\View.php(226): include('C:\\laragon\\www\\laboratory03\\app\\Views\\index.php')
 9 SYSTEMPATH\View\View.php(229): CodeIgniter\View\View->CodeIgniter\View\{closure}()
10 SYSTEMPATH\Common.php(1188): CodeIgniter\View\View->render('index', [], true)
11 APPPATH\Controllers\Home.php(9): view('index')
12 SYSTEMPATH\CodeIgniter.php(919): App\Controllers\Home->index()
13 SYSTEMPATH\CodeIgniter.php(494): CodeIgniter\CodeIgniter->runController(Object(App\Controllers\Home))
14 SYSTEMPATH\CodeIgniter.php(353): CodeIgniter\CodeIgniter->handleRequest(null, Object(Config\Cache), false)
15 FCPATH\index.php(79): CodeIgniter\CodeIgniter->run()
CRITICAL - 2023-09-29 14:30:15 --> Invalid file: "/inc/AdminFill.php"
in SYSTEMPATH\Exceptions\FrameworkException.php on line 39.
 1 SYSTEMPATH\View\View.php(214): CodeIgniter\Exceptions\FrameworkException::forInvalidFile('/inc/AdminFill.php')
 2 SYSTEMPATH\View\View.php(467): CodeIgniter\View\View->render('/inc/AdminFill', null, true)
 3 APPPATH\Views\inc\header.php(43): CodeIgniter\View\View->include('/inc/AdminFill')
 4 SYSTEMPATH\View\View.php(226): include('C:\\laragon\\www\\laboratory03\\app\\Views\\inc\\header.php')
 5 SYSTEMPATH\View\View.php(229): CodeIgniter\View\View->CodeIgniter\View\{closure}()
 6 SYSTEMPATH\View\View.php(467): CodeIgniter\View\View->render('/inc/header', null, true)
 7 APPPATH\Views\index.php(4): CodeIgniter\View\View->include('/inc/header')
 8 SYSTEMPATH\View\View.php(226): include('C:\\laragon\\www\\laboratory03\\app\\Views\\index.php')
 9 SYSTEMPATH\View\View.php(229): CodeIgniter\View\View->CodeIgniter\View\{closure}()
10 SYSTEMPATH\Common.php(1188): CodeIgniter\View\View->render('index', [], true)
11 APPPATH\Controllers\Home.php(9): view('index')
12 SYSTEMPATH\CodeIgniter.php(919): App\Controllers\Home->index()
13 SYSTEMPATH\CodeIgniter.php(494): CodeIgniter\CodeIgniter->runController(Object(App\Controllers\Home))
14 SYSTEMPATH\CodeIgniter.php(353): CodeIgniter\CodeIgniter->handleRequest(null, Object(Config\Cache), false)
15 FCPATH\index.php(79): CodeIgniter\CodeIgniter->run()
CRITICAL - 2023-09-29 14:30:59 --> Allowed memory size of 536870912 bytes exhausted (tried to allocate 32768 bytes)
in APPPATH\Views\AdminFill.php on line 1.
 1 [internal function]: CodeIgniter\Debug\Exceptions->shutdownHandler()
CRITICAL - 2023-09-29 14:32:48 --> Allowed memory size of 536870912 bytes exhausted (tried to allocate 32768 bytes)
in APPPATH\Views\AdminFill.php on line 1.
 1 [internal function]: CodeIgniter\Debug\Exceptions->shutdownHandler()
CRITICAL - 2023-09-29 14:35:34 --> Allowed memory size of 536870912 bytes exhausted (tried to allocate 32768 bytes)
in APPPATH\Views\AdminFill.php on line 1.
 1 [internal function]: CodeIgniter\Debug\Exceptions->shutdownHandler()
CRITICAL - 2023-09-29 14:35:53 --> Allowed memory size of 536870912 bytes exhausted (tried to allocate 32768 bytes)
in APPPATH\Views\AdminFill.php on line 1.
 1 [internal function]: CodeIgniter\Debug\Exceptions->shutdownHandler()
CRITICAL - 2023-09-29 14:36:57 --> Allowed memory size of 536870912 bytes exhausted (tried to allocate 32768 bytes)
in APPPATH\Views\AdminFill.php on line 1.
 1 [internal function]: CodeIgniter\Debug\Exceptions->shutdownHandler()
CRITICAL - 2023-09-29 14:38:21 --> Allowed memory size of 536870912 bytes exhausted (tried to allocate 32768 bytes)
in APPPATH\Views\AdminFill.php on line 1.
 1 [internal function]: CodeIgniter\Debug\Exceptions->shutdownHandler()
CRITICAL - 2023-09-29 14:39:16 --> Allowed memory size of 536870912 bytes exhausted (tried to allocate 32768 bytes)
in APPPATH\Views\AdminFill.php on line 1.
 1 [internal function]: CodeIgniter\Debug\Exceptions->shutdownHandler()
CRITICAL - 2023-09-29 14:39:26 --> Allowed memory size of 536870912 bytes exhausted (tried to allocate 32768 bytes)
in APPPATH\Views\AdminFill.php on line 1.
 1 [internal function]: CodeIgniter\Debug\Exceptions->shutdownHandler()
CRITICAL - 2023-09-29 14:40:19 --> Allowed memory size of 536870912 bytes exhausted (tried to allocate 32768 bytes)
in APPPATH\Views\AdminFill.php on line 1.
 1 [internal function]: CodeIgniter\Debug\Exceptions->shutdownHandler()
CRITICAL - 2023-09-29 14:40:27 --> Allowed memory size of 536870912 bytes exhausted (tried to allocate 32768 bytes)
in APPPATH\Views\AdminFill.php on line 1.
 1 [internal function]: CodeIgniter\Debug\Exceptions->shutdownHandler()
CRITICAL - 2023-09-29 15:16:54 --> App\Controllers\Home::index(): Return value must be of type string, none returned
in APPPATH\Controllers\Home.php on line 10.
 1 SYSTEMPATH\CodeIgniter.php(919): App\Controllers\Home->index()
 2 SYSTEMPATH\CodeIgniter.php(494): CodeIgniter\CodeIgniter->runController(Object(App\Controllers\Home))
 3 SYSTEMPATH\CodeIgniter.php(353): CodeIgniter\CodeIgniter->handleRequest(null, Object(Config\Cache), false)
 4 FCPATH\index.php(79): CodeIgniter\CodeIgniter->run()
 5 SYSTEMPATH\Commands\Server\rewrite.php(47): require_once('C:\\laragon\\www\\laboratory03\\public\\index.php')
CRITICAL - 2023-09-29 15:21:11 --> App\Controllers\Home::index(): Return value must be of type string, none returned
in APPPATH\Controllers\Home.php on line 10.
 1 SYSTEMPATH\CodeIgniter.php(919): App\Controllers\Home->index()
 2 SYSTEMPATH\CodeIgniter.php(494): CodeIgniter\CodeIgniter->runController(Object(App\Controllers\Home))
 3 SYSTEMPATH\CodeIgniter.php(353): CodeIgniter\CodeIgniter->handleRequest(null, Object(Config\Cache), false)
 4 FCPATH\index.php(79): CodeIgniter\CodeIgniter->run()
 5 SYSTEMPATH\Commands\Server\rewrite.php(47): require_once('C:\\laragon\\www\\laboratory03\\public\\index.php')
CRITICAL - 2023-09-29 15:21:14 --> App\Controllers\Home::index(): Return value must be of type string, none returned
in APPPATH\Controllers\Home.php on line 10.
 1 SYSTEMPATH\CodeIgniter.php(919): App\Controllers\Home->index()
 2 SYSTEMPATH\CodeIgniter.php(494): CodeIgniter\CodeIgniter->runController(Object(App\Controllers\Home))
 3 SYSTEMPATH\CodeIgniter.php(353): CodeIgniter\CodeIgniter->handleRequest(null, Object(Config\Cache), false)
 4 FCPATH\index.php(79): CodeIgniter\CodeIgniter->run()
 5 SYSTEMPATH\Commands\Server\rewrite.php(47): require_once('C:\\laragon\\www\\laboratory03\\public\\index.php')
CRITICAL - 2023-09-29 15:22:22 --> App\Controllers\Home::index(): Return value must be of type string, none returned
in APPPATH\Controllers\Home.php on line 10.
 1 SYSTEMPATH\CodeIgniter.php(919): App\Controllers\Home->index()
 2 SYSTEMPATH\CodeIgniter.php(494): CodeIgniter\CodeIgniter->runController(Object(App\Controllers\Home))
 3 SYSTEMPATH\CodeIgniter.php(353): CodeIgniter\CodeIgniter->handleRequest(null, Object(Config\Cache), false)
 4 FCPATH\index.php(79): CodeIgniter\CodeIgniter->run()
 5 SYSTEMPATH\Commands\Server\rewrite.php(47): require_once('C:\\laragon\\www\\laboratory03\\public\\index.php')
CRITICAL - 2023-09-29 15:27:42 --> App\Controllers\Home::index(): Return value must be of type string, none returned
in APPPATH\Controllers\Home.php on line 10.
 1 SYSTEMPATH\CodeIgniter.php(919): App\Controllers\Home->index()
 2 SYSTEMPATH\CodeIgniter.php(494): CodeIgniter\CodeIgniter->runController(Object(App\Controllers\Home))
 3 SYSTEMPATH\CodeIgniter.php(353): CodeIgniter\CodeIgniter->handleRequest(null, Object(Config\Cache), false)
 4 FCPATH\index.php(79): CodeIgniter\CodeIgniter->run()
 5 SYSTEMPATH\Commands\Server\rewrite.php(47): require_once('C:\\laragon\\www\\laboratory03\\public\\index.php')
CRITICAL - 2023-09-29 15:32:27 --> App\Controllers\Home::index(): Return value must be of type string, none returned
in APPPATH\Controllers\Home.php on line 10.
 1 SYSTEMPATH\CodeIgniter.php(919): App\Controllers\Home->index()
 2 SYSTEMPATH\CodeIgniter.php(494): CodeIgniter\CodeIgniter->runController(Object(App\Controllers\Home))
 3 SYSTEMPATH\CodeIgniter.php(353): CodeIgniter\CodeIgniter->handleRequest(null, Object(Config\Cache), false)
 4 FCPATH\index.php(79): CodeIgniter\CodeIgniter->run()
 5 SYSTEMPATH\Commands\Server\rewrite.php(47): require_once('C:\\laragon\\www\\laboratory03\\public\\index.php')
ERROR - 2023-09-29 15:42:37 --> Error connecting to the database: mysqli_sql_exception: Unknown database 'laboratory03' in C:\laragon\www\laboratory03\system\Database\MySQLi\Connection.php:185
Stack trace:
#0 C:\laragon\www\laboratory03\system\Database\MySQLi\Connection.php(185): mysqli->real_connect('localhost', 'root', '', 'laboratory03', 3306, '', 0)
#1 C:\laragon\www\laboratory03\system\Database\BaseConnection.php(391): CodeIgniter\Database\MySQLi\Connection->connect(false)
#2 C:\laragon\www\laboratory03\system\Database\BaseConnection.php(574): CodeIgniter\Database\BaseConnection->initialize()
#3 C:\laragon\www\laboratory03\system\Database\BaseBuilder.php(2308): CodeIgniter\Database\BaseConnection->query('INSERT INTO `pr...', Array, false)
#4 C:\laragon\www\laboratory03\system\Model.php(319): CodeIgniter\Database\BaseBuilder->insert()
#5 C:\laragon\www\laboratory03\system\BaseModel.php(788): CodeIgniter\Model->doInsert(Array)
#6 C:\laragon\www\laboratory03\system\Model.php(715): CodeIgniter\BaseModel->insert(Array, true)
#7 C:\laragon\www\laboratory03\app\Controllers\Home.php(46): CodeIgniter\Model->insert(Array)
#8 C:\laragon\www\laboratory03\system\CodeIgniter.php(919): App\Controllers\Home->save()
#9 C:\laragon\www\laboratory03\system\CodeIgniter.php(494): CodeIgniter\CodeIgniter->runController(Object(App\Controllers\Home))
#10 C:\laragon\www\laboratory03\system\CodeIgniter.php(353): CodeIgniter\CodeIgniter->handleRequest(NULL, Object(Config\Cache), false)
#11 C:\laragon\www\laboratory03\public\index.php(79): CodeIgniter\CodeIgniter->run()
#12 C:\laragon\www\laboratory03\system\Commands\Server\rewrite.php(47): require_once('C:\\laragon\\www\\...')
#13 {main}

Next CodeIgniter\Database\Exceptions\DatabaseException: Unknown database 'laboratory03' in C:\laragon\www\laboratory03\system\Database\MySQLi\Connection.php:229
Stack trace:
#0 C:\laragon\www\laboratory03\system\Database\BaseConnection.php(391): CodeIgniter\Database\MySQLi\Connection->connect(false)
#1 C:\laragon\www\laboratory03\system\Database\BaseConnection.php(574): CodeIgniter\Database\BaseConnection->initialize()
#2 C:\laragon\www\laboratory03\system\Database\BaseBuilder.php(2308): CodeIgniter\Database\BaseConnection->query('INSERT INTO `pr...', Array, false)
#3 C:\laragon\www\laboratory03\system\Model.php(319): CodeIgniter\Database\BaseBuilder->insert()
#4 C:\laragon\www\laboratory03\system\BaseModel.php(788): CodeIgniter\Model->doInsert(Array)
#5 C:\laragon\www\laboratory03\system\Model.php(715): CodeIgniter\BaseModel->insert(Array, true)
#6 C:\laragon\www\laboratory03\app\Controllers\Home.php(46): CodeIgniter\Model->insert(Array)
#7 C:\laragon\www\laboratory03\system\CodeIgniter.php(919): App\Controllers\Home->save()
#8 C:\laragon\www\laboratory03\system\CodeIgniter.php(494): CodeIgniter\CodeIgniter->runController(Object(App\Controllers\Home))
#9 C:\laragon\www\laboratory03\system\CodeIgniter.php(353): CodeIgniter\CodeIgniter->handleRequest(NULL, Object(Config\Cache), false)
#10 C:\laragon\www\laboratory03\public\index.php(79): CodeIgniter\CodeIgniter->run()
#11 C:\laragon\www\laboratory03\system\Commands\Server\rewrite.php(47): require_once('C:\\laragon\\www\\...')
#12 {main}
CRITICAL - 2023-09-29 15:42:37 --> Unable to connect to the database.
Main connection [MySQLi]: Unknown database 'laboratory03'
in SYSTEMPATH\Database\BaseConnection.php on line 427.
 1 SYSTEMPATH\Database\BaseConnection.php(574): CodeIgniter\Database\BaseConnection->initialize()
 2 SYSTEMPATH\Database\BaseBuilder.php(2308): CodeIgniter\Database\BaseConnection->query('INSERT INTO `products` (`pname`, `pprice`, `pdescription`, `pimage`) VALUES (:pname:, :pprice:, :pdescription:, :pimage:)', [...], false)
 3 SYSTEMPATH\Model.php(319): CodeIgniter\Database\BaseBuilder->insert()
 4 SYSTEMPATH\BaseModel.php(788): CodeIgniter\Model->doInsert([...])
 5 SYSTEMPATH\Model.php(715): CodeIgniter\BaseModel->insert([...], true)
 6 APPPATH\Controllers\Home.php(46): CodeIgniter\Model->insert([...])
 7 SYSTEMPATH\CodeIgniter.php(919): App\Controllers\Home->save()
 8 SYSTEMPATH\CodeIgniter.php(494): CodeIgniter\CodeIgniter->runController(Object(App\Controllers\Home))
 9 SYSTEMPATH\CodeIgniter.php(353): CodeIgniter\CodeIgniter->handleRequest(null, Object(Config\Cache), false)
10 FCPATH\index.php(79): CodeIgniter\CodeIgniter->run()
11 SYSTEMPATH\Commands\Server\rewrite.php(47): require_once('C:\\laragon\\www\\laboratory03\\public\\index.php')
CRITICAL - 2023-09-29 15:44:31 --> Invalid file: "products.php"
in SYSTEMPATH\Exceptions\FrameworkException.php on line 39.
 1 SYSTEMPATH\View\View.php(214): CodeIgniter\Exceptions\FrameworkException::forInvalidFile('products.php')
 2 SYSTEMPATH\Common.php(1188): CodeIgniter\View\View->render('products', [], true)
 3 APPPATH\Controllers\Home.php(59): view('products', [...])
 4 SYSTEMPATH\CodeIgniter.php(919): App\Controllers\Home->CaibalLester()
 5 SYSTEMPATH\CodeIgniter.php(494): CodeIgniter\CodeIgniter->runController(Object(App\Controllers\Home))
 6 SYSTEMPATH\CodeIgniter.php(353): CodeIgniter\CodeIgniter->handleRequest(null, Object(Config\Cache), false)
 7 FCPATH\index.php(79): CodeIgniter\CodeIgniter->run()
 8 SYSTEMPATH\Commands\Server\rewrite.php(47): require_once('C:\\laragon\\www\\laboratory03\\public\\index.php')
CRITICAL - 2023-09-29 17:29:11 --> Undefined variable $product
in APPPATH\Views\inc\section_2.php on line 22.
 1 APPPATH\Views\inc\section_2.php(22): CodeIgniter\Debug\Exceptions->errorHandler(2, 'Undefined variable $product', 'C:\\laragon\\www\\laboratory03\\app\\Views\\inc\\section_2.php', 22)
 2 SYSTEMPATH\View\View.php(226): include('C:\\laragon\\www\\laboratory03\\app\\Views\\inc\\section_2.php')
 3 SYSTEMPATH\View\View.php(229): CodeIgniter\View\View->CodeIgniter\View\{closure}()
 4 SYSTEMPATH\View\View.php(467): CodeIgniter\View\View->render('/inc/section_2', null, true)
 5 APPPATH\Views\index.php(6): CodeIgniter\View\View->include('/inc/section_2')
 6 SYSTEMPATH\View\View.php(226): include('C:\\laragon\\www\\laboratory03\\app\\Views\\index.php')
 7 SYSTEMPATH\View\View.php(229): CodeIgniter\View\View->CodeIgniter\View\{closure}()
 8 SYSTEMPATH\Common.php(1188): CodeIgniter\View\View->render('index', [], true)
 9 APPPATH\Controllers\Home.php(64): view('index')
10 SYSTEMPATH\CodeIgniter.php(919): App\Controllers\Home->index()
11 SYSTEMPATH\CodeIgniter.php(494): CodeIgniter\CodeIgniter->runController(Object(App\Controllers\Home))
12 SYSTEMPATH\CodeIgniter.php(353): CodeIgniter\CodeIgniter->handleRequest(null, Object(Config\Cache), false)
13 FCPATH\index.php(79): CodeIgniter\CodeIgniter->run()
14 SYSTEMPATH\Commands\Server\rewrite.php(47): require_once('C:\\laragon\\www\\laboratory03\\public\\index.php')
CRITICAL - 2023-09-29 17:33:35 --> Undefined variable $product
in APPPATH\Views\inc\section_2.php on line 22.
 1 APPPATH\Views\inc\section_2.php(22): CodeIgniter\Debug\Exceptions->errorHandler(2, 'Undefined variable $product', 'C:\\laragon\\www\\laboratory03\\app\\Views\\inc\\section_2.php', 22)
 2 SYSTEMPATH\View\View.php(226): include('C:\\laragon\\www\\laboratory03\\app\\Views\\inc\\section_2.php')
 3 SYSTEMPATH\View\View.php(229): CodeIgniter\View\View->CodeIgniter\View\{closure}()
 4 SYSTEMPATH\View\View.php(467): CodeIgniter\View\View->render('/inc/section_2', null, true)
 5 APPPATH\Views\index.php(6): CodeIgniter\View\View->include('/inc/section_2')
 6 SYSTEMPATH\View\View.php(226): include('C:\\laragon\\www\\laboratory03\\app\\Views\\index.php')
 7 SYSTEMPATH\View\View.php(229): CodeIgniter\View\View->CodeIgniter\View\{closure}()
 8 SYSTEMPATH\Common.php(1188): CodeIgniter\View\View->render('index', [], true)
 9 APPPATH\Controllers\Home.php(64): view('index')
10 SYSTEMPATH\CodeIgniter.php(919): App\Controllers\Home->index()
11 SYSTEMPATH\CodeIgniter.php(494): CodeIgniter\CodeIgniter->runController(Object(App\Controllers\Home))
12 SYSTEMPATH\CodeIgniter.php(353): CodeIgniter\CodeIgniter->handleRequest(null, Object(Config\Cache), false)
13 FCPATH\index.php(79): CodeIgniter\CodeIgniter->run()
14 SYSTEMPATH\Commands\Server\rewrite.php(47): require_once('C:\\laragon\\www\\laboratory03\\public\\index.php')
CRITICAL - 2023-09-29 17:33:50 --> Undefined variable $product
in APPPATH\Views\inc\section_2.php on line 22.
 1 APPPATH\Views\inc\section_2.php(22): CodeIgniter\Debug\Exceptions->errorHandler(2, 'Undefined variable $product', 'C:\\laragon\\www\\laboratory03\\app\\Views\\inc\\section_2.php', 22)
 2 SYSTEMPATH\View\View.php(226): include('C:\\laragon\\www\\laboratory03\\app\\Views\\inc\\section_2.php')
 3 SYSTEMPATH\View\View.php(229): CodeIgniter\View\View->CodeIgniter\View\{closure}()
 4 SYSTEMPATH\View\View.php(467): CodeIgniter\View\View->render('/inc/section_2', null, true)
 5 APPPATH\Views\index.php(6): CodeIgniter\View\View->include('/inc/section_2')
 6 SYSTEMPATH\View\View.php(226): include('C:\\laragon\\www\\laboratory03\\app\\Views\\index.php')
 7 SYSTEMPATH\View\View.php(229): CodeIgniter\View\View->CodeIgniter\View\{closure}()
 8 SYSTEMPATH\Common.php(1188): CodeIgniter\View\View->render('index', [], true)
 9 APPPATH\Controllers\Home.php(64): view('index')
10 SYSTEMPATH\CodeIgniter.php(919): App\Controllers\Home->index()
11 SYSTEMPATH\CodeIgniter.php(494): CodeIgniter\CodeIgniter->runController(Object(App\Controllers\Home))
12 SYSTEMPATH\CodeIgniter.php(353): CodeIgniter\CodeIgniter->handleRequest(null, Object(Config\Cache), false)
13 FCPATH\index.php(79): CodeIgniter\CodeIgniter->run()
14 SYSTEMPATH\Commands\Server\rewrite.php(47): require_once('C:\\laragon\\www\\laboratory03\\public\\index.php')
CRITICAL - 2023-09-29 17:34:47 --> Undefined variable $product
in APPPATH\Views\inc\section_2.php on line 22.
 1 APPPATH\Views\inc\section_2.php(22): CodeIgniter\Debug\Exceptions->errorHandler(2, 'Undefined variable $product', 'C:\\laragon\\www\\laboratory03\\app\\Views\\inc\\section_2.php', 22)
 2 SYSTEMPATH\View\View.php(226): include('C:\\laragon\\www\\laboratory03\\app\\Views\\inc\\section_2.php')
 3 SYSTEMPATH\View\View.php(229): CodeIgniter\View\View->CodeIgniter\View\{closure}()
 4 SYSTEMPATH\View\View.php(467): CodeIgniter\View\View->render('/inc/section_2', null, true)
 5 APPPATH\Views\index.php(6): CodeIgniter\View\View->include('/inc/section_2')
 6 SYSTEMPATH\View\View.php(226): include('C:\\laragon\\www\\laboratory03\\app\\Views\\index.php')
 7 SYSTEMPATH\View\View.php(229): CodeIgniter\View\View->CodeIgniter\View\{closure}()
 8 SYSTEMPATH\Common.php(1188): CodeIgniter\View\View->render('index', [], true)
 9 APPPATH\Controllers\Home.php(64): view('index')
10 SYSTEMPATH\CodeIgniter.php(919): App\Controllers\Home->index()
11 SYSTEMPATH\CodeIgniter.php(494): CodeIgniter\CodeIgniter->runController(Object(App\Controllers\Home))
12 SYSTEMPATH\CodeIgniter.php(353): CodeIgniter\CodeIgniter->handleRequest(null, Object(Config\Cache), false)
13 FCPATH\index.php(79): CodeIgniter\CodeIgniter->run()
14 SYSTEMPATH\Commands\Server\rewrite.php(47): require_once('C:\\laragon\\www\\laboratory03\\public\\index.php')
CRITICAL - 2023-09-29 17:34:50 --> Undefined variable $product
in APPPATH\Views\inc\section_2.php on line 22.
 1 APPPATH\Views\inc\section_2.php(22): CodeIgniter\Debug\Exceptions->errorHandler(2, 'Undefined variable $product', 'C:\\laragon\\www\\laboratory03\\app\\Views\\inc\\section_2.php', 22)
 2 SYSTEMPATH\View\View.php(226): include('C:\\laragon\\www\\laboratory03\\app\\Views\\inc\\section_2.php')
 3 SYSTEMPATH\View\View.php(229): CodeIgniter\View\View->CodeIgniter\View\{closure}()
 4 SYSTEMPATH\View\View.php(467): CodeIgniter\View\View->render('/inc/section_2', null, true)
 5 APPPATH\Views\index.php(6): CodeIgniter\View\View->include('/inc/section_2')
 6 SYSTEMPATH\View\View.php(226): include('C:\\laragon\\www\\laboratory03\\app\\Views\\index.php')
 7 SYSTEMPATH\View\View.php(229): CodeIgniter\View\View->CodeIgniter\View\{closure}()
 8 SYSTEMPATH\Common.php(1188): CodeIgniter\View\View->render('index', [], true)
 9 APPPATH\Controllers\Home.php(64): view('index')
10 SYSTEMPATH\CodeIgniter.php(919): App\Controllers\Home->index()
11 SYSTEMPATH\CodeIgniter.php(494): CodeIgniter\CodeIgniter->runController(Object(App\Controllers\Home))
12 SYSTEMPATH\CodeIgniter.php(353): CodeIgniter\CodeIgniter->handleRequest(null, Object(Config\Cache), false)
13 FCPATH\index.php(79): CodeIgniter\CodeIgniter->run()
14 SYSTEMPATH\Commands\Server\rewrite.php(47): require_once('C:\\laragon\\www\\laboratory03\\public\\index.php')
CRITICAL - 2023-09-29 17:35:36 --> Undefined variable $product
in APPPATH\Views\inc\section_2.php on line 17.
 1 APPPATH\Views\inc\section_2.php(17): CodeIgniter\Debug\Exceptions->errorHandler(2, 'Undefined variable $product', 'C:\\laragon\\www\\laboratory03\\app\\Views\\inc\\section_2.php', 17)
 2 SYSTEMPATH\View\View.php(226): include('C:\\laragon\\www\\laboratory03\\app\\Views\\inc\\section_2.php')
 3 SYSTEMPATH\View\View.php(229): CodeIgniter\View\View->CodeIgniter\View\{closure}()
 4 SYSTEMPATH\View\View.php(467): CodeIgniter\View\View->render('/inc/section_2', null, true)
 5 APPPATH\Views\index.php(6): CodeIgniter\View\View->include('/inc/section_2')
 6 SYSTEMPATH\View\View.php(226): include('C:\\laragon\\www\\laboratory03\\app\\Views\\index.php')
 7 SYSTEMPATH\View\View.php(229): CodeIgniter\View\View->CodeIgniter\View\{closure}()
 8 SYSTEMPATH\Common.php(1188): CodeIgniter\View\View->render('index', [], true)
 9 APPPATH\Controllers\Home.php(64): view('index')
10 SYSTEMPATH\CodeIgniter.php(919): App\Controllers\Home->index()
11 SYSTEMPATH\CodeIgniter.php(494): CodeIgniter\CodeIgniter->runController(Object(App\Controllers\Home))
12 SYSTEMPATH\CodeIgniter.php(353): CodeIgniter\CodeIgniter->handleRequest(null, Object(Config\Cache), false)
13 FCPATH\index.php(79): CodeIgniter\CodeIgniter->run()
14 SYSTEMPATH\Commands\Server\rewrite.php(47): require_once('C:\\laragon\\www\\laboratory03\\public\\index.php')
CRITICAL - 2023-09-29 17:36:04 --> Undefined variable $product
in APPPATH\Views\inc\section_2.php on line 14.
 1 APPPATH\Views\inc\section_2.php(14): CodeIgniter\Debug\Exceptions->errorHandler(2, 'Undefined variable $product', 'C:\\laragon\\www\\laboratory03\\app\\Views\\inc\\section_2.php', 14)
 2 SYSTEMPATH\View\View.php(226): include('C:\\laragon\\www\\laboratory03\\app\\Views\\inc\\section_2.php')
 3 SYSTEMPATH\View\View.php(229): CodeIgniter\View\View->CodeIgniter\View\{closure}()
 4 SYSTEMPATH\View\View.php(467): CodeIgniter\View\View->render('/inc/section_2', null, true)
 5 APPPATH\Views\index.php(6): CodeIgniter\View\View->include('/inc/section_2')
 6 SYSTEMPATH\View\View.php(226): include('C:\\laragon\\www\\laboratory03\\app\\Views\\index.php')
 7 SYSTEMPATH\View\View.php(229): CodeIgniter\View\View->CodeIgniter\View\{closure}()
 8 SYSTEMPATH\Common.php(1188): CodeIgniter\View\View->render('index', [], true)
 9 APPPATH\Controllers\Home.php(64): view('index')
10 SYSTEMPATH\CodeIgniter.php(919): App\Controllers\Home->index()
11 SYSTEMPATH\CodeIgniter.php(494): CodeIgniter\CodeIgniter->runController(Object(App\Controllers\Home))
12 SYSTEMPATH\CodeIgniter.php(353): CodeIgniter\CodeIgniter->handleRequest(null, Object(Config\Cache), false)
13 FCPATH\index.php(79): CodeIgniter\CodeIgniter->run()
14 SYSTEMPATH\Commands\Server\rewrite.php(47): require_once('C:\\laragon\\www\\laboratory03\\public\\index.php')
CRITICAL - 2023-09-29 17:38:05 --> Undefined variable $product
in APPPATH\Views\inc\section_2.php on line 17.
 1 APPPATH\Views\inc\section_2.php(17): CodeIgniter\Debug\Exceptions->errorHandler(2, 'Undefined variable $product', 'C:\\laragon\\www\\laboratory03\\app\\Views\\inc\\section_2.php', 17)
 2 SYSTEMPATH\View\View.php(226): include('C:\\laragon\\www\\laboratory03\\app\\Views\\inc\\section_2.php')
 3 SYSTEMPATH\View\View.php(229): CodeIgniter\View\View->CodeIgniter\View\{closure}()
 4 SYSTEMPATH\View\View.php(467): CodeIgniter\View\View->render('/inc/section_2', null, true)
 5 APPPATH\Views\index.php(6): CodeIgniter\View\View->include('/inc/section_2')
 6 SYSTEMPATH\View\View.php(226): include('C:\\laragon\\www\\laboratory03\\app\\Views\\index.php')
 7 SYSTEMPATH\View\View.php(229): CodeIgniter\View\View->CodeIgniter\View\{closure}()
 8 SYSTEMPATH\Common.php(1188): CodeIgniter\View\View->render('index', [], true)
 9 APPPATH\Controllers\Home.php(64): view('index')
10 SYSTEMPATH\CodeIgniter.php(919): App\Controllers\Home->index()
11 SYSTEMPATH\CodeIgniter.php(494): CodeIgniter\CodeIgniter->runController(Object(App\Controllers\Home))
12 SYSTEMPATH\CodeIgniter.php(353): CodeIgniter\CodeIgniter->handleRequest(null, Object(Config\Cache), false)
13 FCPATH\index.php(79): CodeIgniter\CodeIgniter->run()
14 SYSTEMPATH\Commands\Server\rewrite.php(47): require_once('C:\\laragon\\www\\laboratory03\\public\\index.php')
CRITICAL - 2023-09-29 17:38:25 --> Undefined variable $pr
in APPPATH\Views\inc\section_2.php on line 28.
 1 APPPATH\Views\inc\section_2.php(28): CodeIgniter\Debug\Exceptions->errorHandler(2, 'Undefined variable $pr', 'C:\\laragon\\www\\laboratory03\\app\\Views\\inc\\section_2.php', 28)
 2 SYSTEMPATH\View\View.php(226): include('C:\\laragon\\www\\laboratory03\\app\\Views\\inc\\section_2.php')
 3 SYSTEMPATH\View\View.php(229): CodeIgniter\View\View->CodeIgniter\View\{closure}()
 4 SYSTEMPATH\View\View.php(467): CodeIgniter\View\View->render('/inc/section_2', null, true)
 5 APPPATH\Views\index.php(6): CodeIgniter\View\View->include('/inc/section_2')
 6 SYSTEMPATH\View\View.php(226): include('C:\\laragon\\www\\laboratory03\\app\\Views\\index.php')
 7 SYSTEMPATH\View\View.php(229): CodeIgniter\View\View->CodeIgniter\View\{closure}()
 8 SYSTEMPATH\Common.php(1188): CodeIgniter\View\View->render('index', [], true)
 9 APPPATH\Controllers\Home.php(64): view('index')
10 SYSTEMPATH\CodeIgniter.php(919): App\Controllers\Home->index()
11 SYSTEMPATH\CodeIgniter.php(494): CodeIgniter\CodeIgniter->runController(Object(App\Controllers\Home))
12 SYSTEMPATH\CodeIgniter.php(353): CodeIgniter\CodeIgniter->handleRequest(null, Object(Config\Cache), false)
13 FCPATH\index.php(79): CodeIgniter\CodeIgniter->run()
14 SYSTEMPATH\Commands\Server\rewrite.php(47): require_once('C:\\laragon\\www\\laboratory03\\public\\index.php')
CRITICAL - 2023-09-29 17:40:27 --> Undefined variable $product
in APPPATH\Views\inc\section_2.php on line 48.
 1 APPPATH\Views\inc\section_2.php(48): CodeIgniter\Debug\Exceptions->errorHandler(2, 'Undefined variable $product', 'C:\\laragon\\www\\laboratory03\\app\\Views\\inc\\section_2.php', 48)
 2 SYSTEMPATH\View\View.php(226): include('C:\\laragon\\www\\laboratory03\\app\\Views\\inc\\section_2.php')
 3 SYSTEMPATH\View\View.php(229): CodeIgniter\View\View->CodeIgniter\View\{closure}()
 4 SYSTEMPATH\View\View.php(467): CodeIgniter\View\View->render('/inc/section_2', null, true)
 5 APPPATH\Views\index.php(6): CodeIgniter\View\View->include('/inc/section_2')
 6 SYSTEMPATH\View\View.php(226): include('C:\\laragon\\www\\laboratory03\\app\\Views\\index.php')
 7 SYSTEMPATH\View\View.php(229): CodeIgniter\View\View->CodeIgniter\View\{closure}()
 8 SYSTEMPATH\Common.php(1188): CodeIgniter\View\View->render('index', [], true)
 9 APPPATH\Controllers\Home.php(64): view('index')
10 SYSTEMPATH\CodeIgniter.php(919): App\Controllers\Home->index()
11 SYSTEMPATH\CodeIgniter.php(494): CodeIgniter\CodeIgniter->runController(Object(App\Controllers\Home))
12 SYSTEMPATH\CodeIgniter.php(353): CodeIgniter\CodeIgniter->handleRequest(null, Object(Config\Cache), false)
13 FCPATH\index.php(79): CodeIgniter\CodeIgniter->run()
14 SYSTEMPATH\Commands\Server\rewrite.php(47): require_once('C:\\laragon\\www\\laboratory03\\public\\index.php')
CRITICAL - 2023-09-29 17:42:07 --> Undefined variable $product
in APPPATH\Views\inc\section_2.php on line 48.
 1 APPPATH\Views\inc\section_2.php(48): CodeIgniter\Debug\Exceptions->errorHandler(2, 'Undefined variable $product', 'C:\\laragon\\www\\laboratory03\\app\\Views\\inc\\section_2.php', 48)
 2 SYSTEMPATH\View\View.php(226): include('C:\\laragon\\www\\laboratory03\\app\\Views\\inc\\section_2.php')
 3 SYSTEMPATH\View\View.php(229): CodeIgniter\View\View->CodeIgniter\View\{closure}()
 4 SYSTEMPATH\View\View.php(467): CodeIgniter\View\View->render('/inc/section_2', null, true)
 5 APPPATH\Views\index.php(6): CodeIgniter\View\View->include('/inc/section_2')
 6 SYSTEMPATH\View\View.php(226): include('C:\\laragon\\www\\laboratory03\\app\\Views\\index.php')
 7 SYSTEMPATH\View\View.php(229): CodeIgniter\View\View->CodeIgniter\View\{closure}()
 8 SYSTEMPATH\Common.php(1188): CodeIgniter\View\View->render('index', [], true)
 9 APPPATH\Controllers\Home.php(63): view('index')
10 SYSTEMPATH\CodeIgniter.php(919): App\Controllers\Home->index()
11 SYSTEMPATH\CodeIgniter.php(494): CodeIgniter\CodeIgniter->runController(Object(App\Controllers\Home))
12 SYSTEMPATH\CodeIgniter.php(353): CodeIgniter\CodeIgniter->handleRequest(null, Object(Config\Cache), false)
13 FCPATH\index.php(79): CodeIgniter\CodeIgniter->run()
14 SYSTEMPATH\Commands\Server\rewrite.php(47): require_once('C:\\laragon\\www\\laboratory03\\public\\index.php')
CRITICAL - 2023-09-29 17:42:12 --> Undefined variable $product
in APPPATH\Views\inc\section_2.php on line 48.
 1 APPPATH\Views\inc\section_2.php(48): CodeIgniter\Debug\Exceptions->errorHandler(2, 'Undefined variable $product', 'C:\\laragon\\www\\laboratory03\\app\\Views\\inc\\section_2.php', 48)
 2 SYSTEMPATH\View\View.php(226): include('C:\\laragon\\www\\laboratory03\\app\\Views\\inc\\section_2.php')
 3 SYSTEMPATH\View\View.php(229): CodeIgniter\View\View->CodeIgniter\View\{closure}()
 4 SYSTEMPATH\View\View.php(467): CodeIgniter\View\View->render('/inc/section_2', null, true)
 5 APPPATH\Views\index.php(6): CodeIgniter\View\View->include('/inc/section_2')
 6 SYSTEMPATH\View\View.php(226): include('C:\\laragon\\www\\laboratory03\\app\\Views\\index.php')
 7 SYSTEMPATH\View\View.php(229): CodeIgniter\View\View->CodeIgniter\View\{closure}()
 8 SYSTEMPATH\Common.php(1188): CodeIgniter\View\View->render('index', [], true)
 9 APPPATH\Controllers\Home.php(63): view('index')
10 SYSTEMPATH\CodeIgniter.php(919): App\Controllers\Home->index()
11 SYSTEMPATH\CodeIgniter.php(494): CodeIgniter\CodeIgniter->runController(Object(App\Controllers\Home))
12 SYSTEMPATH\CodeIgniter.php(353): CodeIgniter\CodeIgniter->handleRequest(null, Object(Config\Cache), false)
13 FCPATH\index.php(79): CodeIgniter\CodeIgniter->run()
14 SYSTEMPATH\Commands\Server\rewrite.php(47): require_once('C:\\laragon\\www\\laboratory03\\public\\index.php')
CRITICAL - 2023-09-29 17:43:25 --> Undefined variable $product
in APPPATH\Views\inc\section_2.php on line 53.
 1 APPPATH\Views\inc\section_2.php(53): CodeIgniter\Debug\Exceptions->errorHandler(2, 'Undefined variable $product', 'C:\\laragon\\www\\laboratory03\\app\\Views\\inc\\section_2.php', 53)
 2 SYSTEMPATH\View\View.php(226): include('C:\\laragon\\www\\laboratory03\\app\\Views\\inc\\section_2.php')
 3 SYSTEMPATH\View\View.php(229): CodeIgniter\View\View->CodeIgniter\View\{closure}()
 4 SYSTEMPATH\View\View.php(467): CodeIgniter\View\View->render('/inc/section_2', null, true)
 5 APPPATH\Views\index.php(6): CodeIgniter\View\View->include('/inc/section_2')
 6 SYSTEMPATH\View\View.php(226): include('C:\\laragon\\www\\laboratory03\\app\\Views\\index.php')
 7 SYSTEMPATH\View\View.php(229): CodeIgniter\View\View->CodeIgniter\View\{closure}()
 8 SYSTEMPATH\Common.php(1188): CodeIgniter\View\View->render('index', [], true)
 9 APPPATH\Controllers\Home.php(63): view('index')
10 SYSTEMPATH\CodeIgniter.php(919): App\Controllers\Home->index()
11 SYSTEMPATH\CodeIgniter.php(494): CodeIgniter\CodeIgniter->runController(Object(App\Controllers\Home))
12 SYSTEMPATH\CodeIgniter.php(353): CodeIgniter\CodeIgniter->handleRequest(null, Object(Config\Cache), false)
13 FCPATH\index.php(79): CodeIgniter\CodeIgniter->run()
14 SYSTEMPATH\Commands\Server\rewrite.php(47): require_once('C:\\laragon\\www\\laboratory03\\public\\index.php')
CRITICAL - 2023-09-29 17:43:51 --> Undefined variable $product
in APPPATH\Views\inc\section_2.php on line 48.
 1 APPPATH\Views\inc\section_2.php(48): CodeIgniter\Debug\Exceptions->errorHandler(2, 'Undefined variable $product', 'C:\\laragon\\www\\laboratory03\\app\\Views\\inc\\section_2.php', 48)
 2 SYSTEMPATH\View\View.php(226): include('C:\\laragon\\www\\laboratory03\\app\\Views\\inc\\section_2.php')
 3 SYSTEMPATH\View\View.php(229): CodeIgniter\View\View->CodeIgniter\View\{closure}()
 4 SYSTEMPATH\View\View.php(467): CodeIgniter\View\View->render('/inc/section_2', null, true)
 5 APPPATH\Views\index.php(6): CodeIgniter\View\View->include('/inc/section_2')
 6 SYSTEMPATH\View\View.php(226): include('C:\\laragon\\www\\laboratory03\\app\\Views\\index.php')
 7 SYSTEMPATH\View\View.php(229): CodeIgniter\View\View->CodeIgniter\View\{closure}()
 8 SYSTEMPATH\Common.php(1188): CodeIgniter\View\View->render('index', [], true)
 9 APPPATH\Controllers\Home.php(63): view('index')
10 SYSTEMPATH\CodeIgniter.php(919): App\Controllers\Home->index()
11 SYSTEMPATH\CodeIgniter.php(494): CodeIgniter\CodeIgniter->runController(Object(App\Controllers\Home))
12 SYSTEMPATH\CodeIgniter.php(353): CodeIgniter\CodeIgniter->handleRequest(null, Object(Config\Cache), false)
13 FCPATH\index.php(79): CodeIgniter\CodeIgniter->run()
14 SYSTEMPATH\Commands\Server\rewrite.php(47): require_once('C:\\laragon\\www\\laboratory03\\public\\index.php')
CRITICAL - 2023-09-29 17:46:21 --> Undefined variable $product
in APPPATH\Views\inc\section_2.php on line 48.
 1 APPPATH\Views\inc\section_2.php(48): CodeIgniter\Debug\Exceptions->errorHandler(2, 'Undefined variable $product', 'C:\\laragon\\www\\laboratory03\\app\\Views\\inc\\section_2.php', 48)
 2 SYSTEMPATH\View\View.php(226): include('C:\\laragon\\www\\laboratory03\\app\\Views\\inc\\section_2.php')
 3 SYSTEMPATH\View\View.php(229): CodeIgniter\View\View->CodeIgniter\View\{closure}()
 4 SYSTEMPATH\View\View.php(467): CodeIgniter\View\View->render('/inc/section_2', null, true)
 5 APPPATH\Views\index.php(6): CodeIgniter\View\View->include('/inc/section_2')
 6 SYSTEMPATH\View\View.php(226): include('C:\\laragon\\www\\laboratory03\\app\\Views\\index.php')
 7 SYSTEMPATH\View\View.php(229): CodeIgniter\View\View->CodeIgniter\View\{closure}()
 8 SYSTEMPATH\Common.php(1188): CodeIgniter\View\View->render('index', [], true)
 9 APPPATH\Controllers\Home.php(63): view('index')
10 SYSTEMPATH\CodeIgniter.php(919): App\Controllers\Home->index()
11 SYSTEMPATH\CodeIgniter.php(494): CodeIgniter\CodeIgniter->runController(Object(App\Controllers\Home))
12 SYSTEMPATH\CodeIgniter.php(353): CodeIgniter\CodeIgniter->handleRequest(null, Object(Config\Cache), false)
13 FCPATH\index.php(79): CodeIgniter\CodeIgniter->run()
14 SYSTEMPATH\Commands\Server\rewrite.php(47): require_once('C:\\laragon\\www\\laboratory03\\public\\index.php')
CRITICAL - 2023-09-29 17:47:45 --> Undefined variable $product
in APPPATH\Views\inc\section_2.php on line 48.
 1 APPPATH\Views\inc\section_2.php(48): CodeIgniter\Debug\Exceptions->errorHandler(2, 'Undefined variable $product', 'C:\\laragon\\www\\laboratory03\\app\\Views\\inc\\section_2.php', 48)
 2 SYSTEMPATH\View\View.php(226): include('C:\\laragon\\www\\laboratory03\\app\\Views\\inc\\section_2.php')
 3 SYSTEMPATH\View\View.php(229): CodeIgniter\View\View->CodeIgniter\View\{closure}()
 4 SYSTEMPATH\View\View.php(467): CodeIgniter\View\View->render('/inc/section_2', null, true)
 5 APPPATH\Views\index.php(6): CodeIgniter\View\View->include('/inc/section_2')
 6 SYSTEMPATH\View\View.php(226): include('C:\\laragon\\www\\laboratory03\\app\\Views\\index.php')
 7 SYSTEMPATH\View\View.php(229): CodeIgniter\View\View->CodeIgniter\View\{closure}()
 8 SYSTEMPATH\Common.php(1188): CodeIgniter\View\View->render('index', [], true)
 9 APPPATH\Controllers\Home.php(63): view('index')
10 SYSTEMPATH\CodeIgniter.php(919): App\Controllers\Home->index()
11 SYSTEMPATH\CodeIgniter.php(494): CodeIgniter\CodeIgniter->runController(Object(App\Controllers\Home))
12 SYSTEMPATH\CodeIgniter.php(353): CodeIgniter\CodeIgniter->handleRequest(null, Object(Config\Cache), false)
13 FCPATH\index.php(79): CodeIgniter\CodeIgniter->run()
14 SYSTEMPATH\Commands\Server\rewrite.php(47): require_once('C:\\laragon\\www\\laboratory03\\public\\index.php')
CRITICAL - 2023-09-29 17:48:08 --> Undefined variable $product
in APPPATH\Views\inc\section_2.php on line 48.
 1 APPPATH\Views\inc\section_2.php(48): CodeIgniter\Debug\Exceptions->errorHandler(2, 'Undefined variable $product', 'C:\\laragon\\www\\laboratory03\\app\\Views\\inc\\section_2.php', 48)
 2 SYSTEMPATH\View\View.php(226): include('C:\\laragon\\www\\laboratory03\\app\\Views\\inc\\section_2.php')
 3 SYSTEMPATH\View\View.php(229): CodeIgniter\View\View->CodeIgniter\View\{closure}()
 4 SYSTEMPATH\View\View.php(467): CodeIgniter\View\View->render('/inc/section_2', null, true)
 5 APPPATH\Views\index.php(6): CodeIgniter\View\View->include('/inc/section_2')
 6 SYSTEMPATH\View\View.php(226): include('C:\\laragon\\www\\laboratory03\\app\\Views\\index.php')
 7 SYSTEMPATH\View\View.php(229): CodeIgniter\View\View->CodeIgniter\View\{closure}()
 8 SYSTEMPATH\Common.php(1188): CodeIgniter\View\View->render('index', [], true)
 9 APPPATH\Controllers\Home.php(63): view('index')
10 SYSTEMPATH\CodeIgniter.php(919): App\Controllers\Home->index()
11 SYSTEMPATH\CodeIgniter.php(494): CodeIgniter\CodeIgniter->runController(Object(App\Controllers\Home))
12 SYSTEMPATH\CodeIgniter.php(353): CodeIgniter\CodeIgniter->handleRequest(null, Object(Config\Cache), false)
13 FCPATH\index.php(79): CodeIgniter\CodeIgniter->run()
14 SYSTEMPATH\Commands\Server\rewrite.php(47): require_once('C:\\laragon\\www\\laboratory03\\public\\index.php')
CRITICAL - 2023-09-29 17:49:56 --> Undefined variable $product
in APPPATH\Views\inc\section_2.php on line 48.
 1 APPPATH\Views\inc\section_2.php(48): CodeIgniter\Debug\Exceptions->errorHandler(2, 'Undefined variable $product', 'C:\\laragon\\www\\laboratory03\\app\\Views\\inc\\section_2.php', 48)
 2 SYSTEMPATH\View\View.php(226): include('C:\\laragon\\www\\laboratory03\\app\\Views\\inc\\section_2.php')
 3 SYSTEMPATH\View\View.php(229): CodeIgniter\View\View->CodeIgniter\View\{closure}()
 4 SYSTEMPATH\View\View.php(467): CodeIgniter\View\View->render('/inc/section_2', null, true)
 5 APPPATH\Views\index.php(6): CodeIgniter\View\View->include('/inc/section_2')
 6 SYSTEMPATH\View\View.php(226): include('C:\\laragon\\www\\laboratory03\\app\\Views\\index.php')
 7 SYSTEMPATH\View\View.php(229): CodeIgniter\View\View->CodeIgniter\View\{closure}()
 8 SYSTEMPATH\Common.php(1188): CodeIgniter\View\View->render('index', [], true)
 9 APPPATH\Controllers\Home.php(63): view('index')
10 SYSTEMPATH\CodeIgniter.php(919): App\Controllers\Home->index()
11 SYSTEMPATH\CodeIgniter.php(494): CodeIgniter\CodeIgniter->runController(Object(App\Controllers\Home))
12 SYSTEMPATH\CodeIgniter.php(353): CodeIgniter\CodeIgniter->handleRequest(null, Object(Config\Cache), false)
13 FCPATH\index.php(79): CodeIgniter\CodeIgniter->run()
14 SYSTEMPATH\Commands\Server\rewrite.php(47): require_once('C:\\laragon\\www\\laboratory03\\public\\index.php')
CRITICAL - 2023-09-29 17:50:31 --> Undefined variable $product
in APPPATH\Views\inc\section_2.php on line 48.
 1 APPPATH\Views\inc\section_2.php(48): CodeIgniter\Debug\Exceptions->errorHandler(2, 'Undefined variable $product', 'C:\\laragon\\www\\laboratory03\\app\\Views\\inc\\section_2.php', 48)
 2 SYSTEMPATH\View\View.php(226): include('C:\\laragon\\www\\laboratory03\\app\\Views\\inc\\section_2.php')
 3 SYSTEMPATH\View\View.php(229): CodeIgniter\View\View->CodeIgniter\View\{closure}()
 4 SYSTEMPATH\View\View.php(467): CodeIgniter\View\View->render('/inc/section_2', null, true)
 5 APPPATH\Views\index.php(6): CodeIgniter\View\View->include('/inc/section_2')
 6 SYSTEMPATH\View\View.php(226): include('C:\\laragon\\www\\laboratory03\\app\\Views\\index.php')
 7 SYSTEMPATH\View\View.php(229): CodeIgniter\View\View->CodeIgniter\View\{closure}()
 8 SYSTEMPATH\Common.php(1188): CodeIgniter\View\View->render('index', [], true)
 9 APPPATH\Controllers\Home.php(63): view('index')
10 SYSTEMPATH\CodeIgniter.php(919): App\Controllers\Home->index()
11 SYSTEMPATH\CodeIgniter.php(494): CodeIgniter\CodeIgniter->runController(Object(App\Controllers\Home))
12 SYSTEMPATH\CodeIgniter.php(353): CodeIgniter\CodeIgniter->handleRequest(null, Object(Config\Cache), false)
13 FCPATH\index.php(79): CodeIgniter\CodeIgniter->run()
14 SYSTEMPATH\Commands\Server\rewrite.php(47): require_once('C:\\laragon\\www\\laboratory03\\public\\index.php')
CRITICAL - 2023-09-29 17:50:41 --> Undefined variable $pr
in APPPATH\Views\inc\section_2.php on line 54.
 1 APPPATH\Views\inc\section_2.php(54): CodeIgniter\Debug\Exceptions->errorHandler(2, 'Undefined variable $pr', 'C:\\laragon\\www\\laboratory03\\app\\Views\\inc\\section_2.php', 54)
 2 SYSTEMPATH\View\View.php(226): include('C:\\laragon\\www\\laboratory03\\app\\Views\\inc\\section_2.php')
 3 SYSTEMPATH\View\View.php(229): CodeIgniter\View\View->CodeIgniter\View\{closure}()
 4 SYSTEMPATH\View\View.php(467): CodeIgniter\View\View->render('/inc/section_2', null, true)
 5 APPPATH\Views\index.php(6): CodeIgniter\View\View->include('/inc/section_2')
 6 SYSTEMPATH\View\View.php(226): include('C:\\laragon\\www\\laboratory03\\app\\Views\\index.php')
 7 SYSTEMPATH\View\View.php(229): CodeIgniter\View\View->CodeIgniter\View\{closure}()
 8 SYSTEMPATH\Common.php(1188): CodeIgniter\View\View->render('index', [], true)
 9 APPPATH\Controllers\Home.php(63): view('index')
10 SYSTEMPATH\CodeIgniter.php(919): App\Controllers\Home->index()
11 SYSTEMPATH\CodeIgniter.php(494): CodeIgniter\CodeIgniter->runController(Object(App\Controllers\Home))
12 SYSTEMPATH\CodeIgniter.php(353): CodeIgniter\CodeIgniter->handleRequest(null, Object(Config\Cache), false)
13 FCPATH\index.php(79): CodeIgniter\CodeIgniter->run()
14 SYSTEMPATH\Commands\Server\rewrite.php(47): require_once('C:\\laragon\\www\\laboratory03\\public\\index.php')
CRITICAL - 2023-09-29 17:57:16 --> Undefined variable $product
in APPPATH\Views\inc\section_2.php on line 48.
 1 APPPATH\Views\inc\section_2.php(48): CodeIgniter\Debug\Exceptions->errorHandler(2, 'Undefined variable $product', 'C:\\laragon\\www\\laboratory03\\app\\Views\\inc\\section_2.php', 48)
 2 SYSTEMPATH\View\View.php(226): include('C:\\laragon\\www\\laboratory03\\app\\Views\\inc\\section_2.php')
 3 SYSTEMPATH\View\View.php(229): CodeIgniter\View\View->CodeIgniter\View\{closure}()
 4 SYSTEMPATH\View\View.php(467): CodeIgniter\View\View->render('/inc/section_2', null, true)
 5 APPPATH\Views\index.php(6): CodeIgniter\View\View->include('/inc/section_2')
 6 SYSTEMPATH\View\View.php(226): include('C:\\laragon\\www\\laboratory03\\app\\Views\\index.php')
 7 SYSTEMPATH\View\View.php(229): CodeIgniter\View\View->CodeIgniter\View\{closure}()
 8 SYSTEMPATH\Common.php(1188): CodeIgniter\View\View->render('index', [], true)
 9 APPPATH\Controllers\Home.php(63): view('index')
10 SYSTEMPATH\CodeIgniter.php(919): App\Controllers\Home->index()
11 SYSTEMPATH\CodeIgniter.php(494): CodeIgniter\CodeIgniter->runController(Object(App\Controllers\Home))
12 SYSTEMPATH\CodeIgniter.php(353): CodeIgniter\CodeIgniter->handleRequest(null, Object(Config\Cache), false)
13 FCPATH\index.php(79): CodeIgniter\CodeIgniter->run()
14 SYSTEMPATH\Commands\Server\rewrite.php(47): require_once('C:\\laragon\\www\\laboratory03\\public\\index.php')
CRITICAL - 2023-09-29 17:57:18 --> Undefined variable $product
in APPPATH\Views\inc\section_2.php on line 48.
 1 APPPATH\Views\inc\section_2.php(48): CodeIgniter\Debug\Exceptions->errorHandler(2, 'Undefined variable $product', 'C:\\laragon\\www\\laboratory03\\app\\Views\\inc\\section_2.php', 48)
 2 SYSTEMPATH\View\View.php(226): include('C:\\laragon\\www\\laboratory03\\app\\Views\\inc\\section_2.php')
 3 SYSTEMPATH\View\View.php(229): CodeIgniter\View\View->CodeIgniter\View\{closure}()
 4 SYSTEMPATH\View\View.php(467): CodeIgniter\View\View->render('/inc/section_2', null, true)
 5 APPPATH\Views\index.php(6): CodeIgniter\View\View->include('/inc/section_2')
 6 SYSTEMPATH\View\View.php(226): include('C:\\laragon\\www\\laboratory03\\app\\Views\\index.php')
 7 SYSTEMPATH\View\View.php(229): CodeIgniter\View\View->CodeIgniter\View\{closure}()
 8 SYSTEMPATH\Common.php(1188): CodeIgniter\View\View->render('index', [], true)
 9 APPPATH\Controllers\Home.php(63): view('index')
10 SYSTEMPATH\CodeIgniter.php(919): App\Controllers\Home->index()
11 SYSTEMPATH\CodeIgniter.php(494): CodeIgniter\CodeIgniter->runController(Object(App\Controllers\Home))
12 SYSTEMPATH\CodeIgniter.php(353): CodeIgniter\CodeIgniter->handleRequest(null, Object(Config\Cache), false)
13 FCPATH\index.php(79): CodeIgniter\CodeIgniter->run()
14 SYSTEMPATH\Commands\Server\rewrite.php(47): require_once('C:\\laragon\\www\\laboratory03\\public\\index.php')
CRITICAL - 2023-09-29 17:59:00 --> Undefined variable $product
in APPPATH\Views\inc\section_2.php on line 41.
 1 APPPATH\Views\inc\section_2.php(41): CodeIgniter\Debug\Exceptions->errorHandler(2, 'Undefined variable $product', 'C:\\laragon\\www\\laboratory03\\app\\Views\\inc\\section_2.php', 41)
 2 SYSTEMPATH\View\View.php(226): include('C:\\laragon\\www\\laboratory03\\app\\Views\\inc\\section_2.php')
 3 SYSTEMPATH\View\View.php(229): CodeIgniter\View\View->CodeIgniter\View\{closure}()
 4 SYSTEMPATH\View\View.php(467): CodeIgniter\View\View->render('/inc/section_2', null, true)
 5 APPPATH\Views\index.php(6): CodeIgniter\View\View->include('/inc/section_2')
 6 SYSTEMPATH\View\View.php(226): include('C:\\laragon\\www\\laboratory03\\app\\Views\\index.php')
 7 SYSTEMPATH\View\View.php(229): CodeIgniter\View\View->CodeIgniter\View\{closure}()
 8 SYSTEMPATH\Common.php(1188): CodeIgniter\View\View->render('index', [], true)
 9 APPPATH\Controllers\Home.php(63): view('index')
10 SYSTEMPATH\CodeIgniter.php(919): App\Controllers\Home->index()
11 SYSTEMPATH\CodeIgniter.php(494): CodeIgniter\CodeIgniter->runController(Object(App\Controllers\Home))
12 SYSTEMPATH\CodeIgniter.php(353): CodeIgniter\CodeIgniter->handleRequest(null, Object(Config\Cache), false)
13 FCPATH\index.php(79): CodeIgniter\CodeIgniter->run()
14 SYSTEMPATH\Commands\Server\rewrite.php(47): require_once('C:\\laragon\\www\\laboratory03\\public\\index.php')
CRITICAL - 2023-09-29 18:01:00 --> Undefined variable $product
in APPPATH\Views\inc\section_2.php on line 3.
 1 APPPATH\Views\inc\section_2.php(3): CodeIgniter\Debug\Exceptions->errorHandler(2, 'Undefined variable $product', 'C:\\laragon\\www\\laboratory03\\app\\Views\\inc\\section_2.php', 3)
 2 SYSTEMPATH\View\View.php(226): include('C:\\laragon\\www\\laboratory03\\app\\Views\\inc\\section_2.php')
 3 SYSTEMPATH\View\View.php(229): CodeIgniter\View\View->CodeIgniter\View\{closure}()
 4 SYSTEMPATH\View\View.php(467): CodeIgniter\View\View->render('/inc/section_2', null, true)
 5 APPPATH\Views\index.php(6): CodeIgniter\View\View->include('/inc/section_2')
 6 SYSTEMPATH\View\View.php(226): include('C:\\laragon\\www\\laboratory03\\app\\Views\\index.php')
 7 SYSTEMPATH\View\View.php(229): CodeIgniter\View\View->CodeIgniter\View\{closure}()
 8 SYSTEMPATH\Common.php(1188): CodeIgniter\View\View->render('index', [], true)
 9 APPPATH\Controllers\Home.php(63): view('index')
10 SYSTEMPATH\CodeIgniter.php(919): App\Controllers\Home->index()
11 SYSTEMPATH\CodeIgniter.php(494): CodeIgniter\CodeIgniter->runController(Object(App\Controllers\Home))
12 SYSTEMPATH\CodeIgniter.php(353): CodeIgniter\CodeIgniter->handleRequest(null, Object(Config\Cache), false)
13 FCPATH\index.php(79): CodeIgniter\CodeIgniter->run()
14 SYSTEMPATH\Commands\Server\rewrite.php(47): require_once('C:\\laragon\\www\\laboratory03\\public\\index.php')
CRITICAL - 2023-09-29 18:03:10 --> Undefined variable $product
in APPPATH\Views\inc\section_2.php on line 41.
 1 APPPATH\Views\inc\section_2.php(41): CodeIgniter\Debug\Exceptions->errorHandler(2, 'Undefined variable $product', 'C:\\laragon\\www\\laboratory03\\app\\Views\\inc\\section_2.php', 41)
 2 SYSTEMPATH\View\View.php(226): include('C:\\laragon\\www\\laboratory03\\app\\Views\\inc\\section_2.php')
 3 SYSTEMPATH\View\View.php(229): CodeIgniter\View\View->CodeIgniter\View\{closure}()
 4 SYSTEMPATH\View\View.php(467): CodeIgniter\View\View->render('/inc/section_2', null, true)
 5 APPPATH\Views\index.php(6): CodeIgniter\View\View->include('/inc/section_2')
 6 SYSTEMPATH\View\View.php(226): include('C:\\laragon\\www\\laboratory03\\app\\Views\\index.php')
 7 SYSTEMPATH\View\View.php(229): CodeIgniter\View\View->CodeIgniter\View\{closure}()
 8 SYSTEMPATH\Common.php(1188): CodeIgniter\View\View->render('index', [], true)
 9 APPPATH\Controllers\Home.php(63): view('index')
10 SYSTEMPATH\CodeIgniter.php(919): App\Controllers\Home->index()
11 SYSTEMPATH\CodeIgniter.php(494): CodeIgniter\CodeIgniter->runController(Object(App\Controllers\Home))
12 SYSTEMPATH\CodeIgniter.php(353): CodeIgniter\CodeIgniter->handleRequest(null, Object(Config\Cache), false)
13 FCPATH\index.php(79): CodeIgniter\CodeIgniter->run()
14 SYSTEMPATH\Commands\Server\rewrite.php(47): require_once('C:\\laragon\\www\\laboratory03\\public\\index.php')
CRITICAL - 2023-09-29 18:08:21 --> Undefined variable $product
in APPPATH\Views\inc\section_2.php on line 41.
 1 APPPATH\Views\inc\section_2.php(41): CodeIgniter\Debug\Exceptions->errorHandler(2, 'Undefined variable $product', 'C:\\laragon\\www\\laboratory03\\app\\Views\\inc\\section_2.php', 41)
 2 SYSTEMPATH\View\View.php(226): include('C:\\laragon\\www\\laboratory03\\app\\Views\\inc\\section_2.php')
 3 SYSTEMPATH\View\View.php(229): CodeIgniter\View\View->CodeIgniter\View\{closure}()
 4 SYSTEMPATH\View\View.php(467): CodeIgniter\View\View->render('/inc/section_2', null, true)
 5 APPPATH\Views\index.php(6): CodeIgniter\View\View->include('/inc/section_2')
 6 SYSTEMPATH\View\View.php(226): include('C:\\laragon\\www\\laboratory03\\app\\Views\\index.php')
 7 SYSTEMPATH\View\View.php(229): CodeIgniter\View\View->CodeIgniter\View\{closure}()
 8 SYSTEMPATH\Common.php(1188): CodeIgniter\View\View->render('index', [], true)
 9 APPPATH\Controllers\Home.php(63): view('index')
10 SYSTEMPATH\CodeIgniter.php(919): App\Controllers\Home->index()
11 SYSTEMPATH\CodeIgniter.php(494): CodeIgniter\CodeIgniter->runController(Object(App\Controllers\Home))
12 SYSTEMPATH\CodeIgniter.php(353): CodeIgniter\CodeIgniter->handleRequest(null, Object(Config\Cache), false)
13 FCPATH\index.php(79): CodeIgniter\CodeIgniter->run()
14 SYSTEMPATH\Commands\Server\rewrite.php(47): require_once('C:\\laragon\\www\\laboratory03\\public\\index.php')
CRITICAL - 2023-09-29 18:10:24 --> Undefined variable $product
in APPPATH\Views\inc\section_2.php on line 41.
 1 APPPATH\Views\inc\section_2.php(41): CodeIgniter\Debug\Exceptions->errorHandler(2, 'Undefined variable $product', 'C:\\laragon\\www\\laboratory03\\app\\Views\\inc\\section_2.php', 41)
 2 SYSTEMPATH\View\View.php(226): include('C:\\laragon\\www\\laboratory03\\app\\Views\\inc\\section_2.php')
 3 SYSTEMPATH\View\View.php(229): CodeIgniter\View\View->CodeIgniter\View\{closure}()
 4 SYSTEMPATH\View\View.php(467): CodeIgniter\View\View->render('/inc/section_2', null, true)
 5 APPPATH\Views\index.php(6): CodeIgniter\View\View->include('/inc/section_2')
 6 SYSTEMPATH\View\View.php(226): include('C:\\laragon\\www\\laboratory03\\app\\Views\\index.php')
 7 SYSTEMPATH\View\View.php(229): CodeIgniter\View\View->CodeIgniter\View\{closure}()
 8 SYSTEMPATH\Common.php(1188): CodeIgniter\View\View->render('index', [], true)
 9 APPPATH\Controllers\Home.php(63): view('index')
10 SYSTEMPATH\CodeIgniter.php(919): App\Controllers\Home->index()
11 SYSTEMPATH\CodeIgniter.php(494): CodeIgniter\CodeIgniter->runController(Object(App\Controllers\Home))
12 SYSTEMPATH\CodeIgniter.php(353): CodeIgniter\CodeIgniter->handleRequest(null, Object(Config\Cache), false)
13 FCPATH\index.php(79): CodeIgniter\CodeIgniter->run()
14 SYSTEMPATH\Commands\Server\rewrite.php(47): require_once('C:\\laragon\\www\\laboratory03\\public\\index.php')
CRITICAL - 2023-09-29 18:39:29 --> Undefined variable $product
in APPPATH\Views\inc\section_2.php on line 19.
 1 APPPATH\Views\inc\section_2.php(19): CodeIgniter\Debug\Exceptions->errorHandler(2, 'Undefined variable $product', 'C:\\laragon\\www\\laboratory03\\app\\Views\\inc\\section_2.php', 19)
 2 SYSTEMPATH\View\View.php(226): include('C:\\laragon\\www\\laboratory03\\app\\Views\\inc\\section_2.php')
 3 SYSTEMPATH\View\View.php(229): CodeIgniter\View\View->CodeIgniter\View\{closure}()
 4 SYSTEMPATH\View\View.php(467): CodeIgniter\View\View->render('/inc/section_2', null, true)
 5 APPPATH\Views\index.php(6): CodeIgniter\View\View->include('/inc/section_2')
 6 SYSTEMPATH\View\View.php(226): include('C:\\laragon\\www\\laboratory03\\app\\Views\\index.php')
 7 SYSTEMPATH\View\View.php(229): CodeIgniter\View\View->CodeIgniter\View\{closure}()
 8 SYSTEMPATH\Common.php(1188): CodeIgniter\View\View->render('index', [], true)
 9 APPPATH\Controllers\Home.php(47): view('index')
10 SYSTEMPATH\CodeIgniter.php(919): App\Controllers\Home->save()
11 SYSTEMPATH\CodeIgniter.php(494): CodeIgniter\CodeIgniter->runController(Object(App\Controllers\Home))
12 SYSTEMPATH\CodeIgniter.php(353): CodeIgniter\CodeIgniter->handleRequest(null, Object(Config\Cache), false)
13 FCPATH\index.php(79): CodeIgniter\CodeIgniter->run()
14 SYSTEMPATH\Commands\Server\rewrite.php(47): require_once('C:\\laragon\\www\\laboratory03\\public\\index.php')
CRITICAL - 2023-09-29 18:40:47 --> Undefined variable $product
in APPPATH\Views\inc\section_2.php on line 19.
 1 APPPATH\Views\inc\section_2.php(19): CodeIgniter\Debug\Exceptions->errorHandler(2, 'Undefined variable $product', 'C:\\laragon\\www\\laboratory03\\app\\Views\\inc\\section_2.php', 19)
 2 SYSTEMPATH\View\View.php(226): include('C:\\laragon\\www\\laboratory03\\app\\Views\\inc\\section_2.php')
 3 SYSTEMPATH\View\View.php(229): CodeIgniter\View\View->CodeIgniter\View\{closure}()
 4 SYSTEMPATH\View\View.php(467): CodeIgniter\View\View->render('/inc/section_2', null, true)
 5 APPPATH\Views\index.php(6): CodeIgniter\View\View->include('/inc/section_2')
 6 SYSTEMPATH\View\View.php(226): include('C:\\laragon\\www\\laboratory03\\app\\Views\\index.php')
 7 SYSTEMPATH\View\View.php(229): CodeIgniter\View\View->CodeIgniter\View\{closure}()
 8 SYSTEMPATH\Common.php(1188): CodeIgniter\View\View->render('index', [], true)
 9 APPPATH\Controllers\Home.php(64): view('index')
10 SYSTEMPATH\CodeIgniter.php(919): App\Controllers\Home->index()
11 SYSTEMPATH\CodeIgniter.php(494): CodeIgniter\CodeIgniter->runController(Object(App\Controllers\Home))
12 SYSTEMPATH\CodeIgniter.php(353): CodeIgniter\CodeIgniter->handleRequest(null, Object(Config\Cache), false)
13 FCPATH\index.php(79): CodeIgniter\CodeIgniter->run()
14 SYSTEMPATH\Commands\Server\rewrite.php(47): require_once('C:\\laragon\\www\\laboratory03\\public\\index.php')
CRITICAL - 2023-09-29 18:40:49 --> Undefined variable $product
in APPPATH\Views\inc\section_2.php on line 19.
 1 APPPATH\Views\inc\section_2.php(19): CodeIgniter\Debug\Exceptions->errorHandler(2, 'Undefined variable $product', 'C:\\laragon\\www\\laboratory03\\app\\Views\\inc\\section_2.php', 19)
 2 SYSTEMPATH\View\View.php(226): include('C:\\laragon\\www\\laboratory03\\app\\Views\\inc\\section_2.php')
 3 SYSTEMPATH\View\View.php(229): CodeIgniter\View\View->CodeIgniter\View\{closure}()
 4 SYSTEMPATH\View\View.php(467): CodeIgniter\View\View->render('/inc/section_2', null, true)
 5 APPPATH\Views\index.php(6): CodeIgniter\View\View->include('/inc/section_2')
 6 SYSTEMPATH\View\View.php(226): include('C:\\laragon\\www\\laboratory03\\app\\Views\\index.php')
 7 SYSTEMPATH\View\View.php(229): CodeIgniter\View\View->CodeIgniter\View\{closure}()
 8 SYSTEMPATH\Common.php(1188): CodeIgniter\View\View->render('index', [], true)
 9 APPPATH\Controllers\Home.php(64): view('index')
10 SYSTEMPATH\CodeIgniter.php(919): App\Controllers\Home->index()
11 SYSTEMPATH\CodeIgniter.php(494): CodeIgniter\CodeIgniter->runController(Object(App\Controllers\Home))
12 SYSTEMPATH\CodeIgniter.php(353): CodeIgniter\CodeIgniter->handleRequest(null, Object(Config\Cache), false)
13 FCPATH\index.php(79): CodeIgniter\CodeIgniter->run()
14 SYSTEMPATH\Commands\Server\rewrite.php(47): require_once('C:\\laragon\\www\\laboratory03\\public\\index.php')
CRITICAL - 2023-09-29 18:42:22 --> Undefined variable $product
in APPPATH\Views\inc\section_2.php on line 19.
 1 APPPATH\Views\inc\section_2.php(19): CodeIgniter\Debug\Exceptions->errorHandler(2, 'Undefined variable $product', 'C:\\laragon\\www\\laboratory03\\app\\Views\\inc\\section_2.php', 19)
 2 SYSTEMPATH\View\View.php(226): include('C:\\laragon\\www\\laboratory03\\app\\Views\\inc\\section_2.php')
 3 SYSTEMPATH\View\View.php(229): CodeIgniter\View\View->CodeIgniter\View\{closure}()
 4 SYSTEMPATH\View\View.php(467): CodeIgniter\View\View->render('/inc/section_2', null, true)
 5 APPPATH\Views\index.php(6): CodeIgniter\View\View->include('/inc/section_2')
 6 SYSTEMPATH\View\View.php(226): include('C:\\laragon\\www\\laboratory03\\app\\Views\\index.php')
 7 SYSTEMPATH\View\View.php(229): CodeIgniter\View\View->CodeIgniter\View\{closure}()
 8 SYSTEMPATH\Common.php(1188): CodeIgniter\View\View->render('index', [], true)
 9 APPPATH\Controllers\Home.php(63): view('index')
10 SYSTEMPATH\CodeIgniter.php(919): App\Controllers\Home->index()
11 SYSTEMPATH\CodeIgniter.php(494): CodeIgniter\CodeIgniter->runController(Object(App\Controllers\Home))
12 SYSTEMPATH\CodeIgniter.php(353): CodeIgniter\CodeIgniter->handleRequest(null, Object(Config\Cache), false)
13 FCPATH\index.php(79): CodeIgniter\CodeIgniter->run()
14 SYSTEMPATH\Commands\Server\rewrite.php(47): require_once('C:\\laragon\\www\\laboratory03\\public\\index.php')
CRITICAL - 2023-09-29 18:42:45 --> Undefined variable $product
in APPPATH\Views\inc\section_2.php on line 19.
 1 APPPATH\Views\inc\section_2.php(19): CodeIgniter\Debug\Exceptions->errorHandler(2, 'Undefined variable $product', 'C:\\laragon\\www\\laboratory03\\app\\Views\\inc\\section_2.php', 19)
 2 SYSTEMPATH\View\View.php(226): include('C:\\laragon\\www\\laboratory03\\app\\Views\\inc\\section_2.php')
 3 SYSTEMPATH\View\View.php(229): CodeIgniter\View\View->CodeIgniter\View\{closure}()
 4 SYSTEMPATH\View\View.php(467): CodeIgniter\View\View->render('/inc/section_2', null, true)
 5 APPPATH\Views\index.php(6): CodeIgniter\View\View->include('/inc/section_2')
 6 SYSTEMPATH\View\View.php(226): include('C:\\laragon\\www\\laboratory03\\app\\Views\\index.php')
 7 SYSTEMPATH\View\View.php(229): CodeIgniter\View\View->CodeIgniter\View\{closure}()
 8 SYSTEMPATH\Common.php(1188): CodeIgniter\View\View->render('index', [], true)
 9 APPPATH\Controllers\Home.php(63): view('index')
10 SYSTEMPATH\CodeIgniter.php(919): App\Controllers\Home->index()
11 SYSTEMPATH\CodeIgniter.php(494): CodeIgniter\CodeIgniter->runController(Object(App\Controllers\Home))
12 SYSTEMPATH\CodeIgniter.php(353): CodeIgniter\CodeIgniter->handleRequest(null, Object(Config\Cache), false)
13 FCPATH\index.php(79): CodeIgniter\CodeIgniter->run()
14 SYSTEMPATH\Commands\Server\rewrite.php(47): require_once('C:\\laragon\\www\\laboratory03\\public\\index.php')
CRITICAL - 2023-09-29 18:42:48 --> Undefined variable $product
in APPPATH\Views\inc\section_2.php on line 19.
 1 APPPATH\Views\inc\section_2.php(19): CodeIgniter\Debug\Exceptions->errorHandler(2, 'Undefined variable $product', 'C:\\laragon\\www\\laboratory03\\app\\Views\\inc\\section_2.php', 19)
 2 SYSTEMPATH\View\View.php(226): include('C:\\laragon\\www\\laboratory03\\app\\Views\\inc\\section_2.php')
 3 SYSTEMPATH\View\View.php(229): CodeIgniter\View\View->CodeIgniter\View\{closure}()
 4 SYSTEMPATH\View\View.php(467): CodeIgniter\View\View->render('/inc/section_2', null, true)
 5 APPPATH\Views\index.php(6): CodeIgniter\View\View->include('/inc/section_2')
 6 SYSTEMPATH\View\View.php(226): include('C:\\laragon\\www\\laboratory03\\app\\Views\\index.php')
 7 SYSTEMPATH\View\View.php(229): CodeIgniter\View\View->CodeIgniter\View\{closure}()
 8 SYSTEMPATH\Common.php(1188): CodeIgniter\View\View->render('index', [], true)
 9 APPPATH\Controllers\Home.php(63): view('index')
10 SYSTEMPATH\CodeIgniter.php(919): App\Controllers\Home->index()
11 SYSTEMPATH\CodeIgniter.php(494): CodeIgniter\CodeIgniter->runController(Object(App\Controllers\Home))
12 SYSTEMPATH\CodeIgniter.php(353): CodeIgniter\CodeIgniter->handleRequest(null, Object(Config\Cache), false)
13 FCPATH\index.php(79): CodeIgniter\CodeIgniter->run()
14 SYSTEMPATH\Commands\Server\rewrite.php(47): require_once('C:\\laragon\\www\\laboratory03\\public\\index.php')
CRITICAL - 2023-09-29 18:45:36 --> Undefined variable $product
in APPPATH\Views\inc\section_2.php on line 19.
 1 APPPATH\Views\inc\section_2.php(19): CodeIgniter\Debug\Exceptions->errorHandler(2, 'Undefined variable $product', 'C:\\laragon\\www\\laboratory03\\app\\Views\\inc\\section_2.php', 19)
 2 SYSTEMPATH\View\View.php(226): include('C:\\laragon\\www\\laboratory03\\app\\Views\\inc\\section_2.php')
 3 SYSTEMPATH\View\View.php(229): CodeIgniter\View\View->CodeIgniter\View\{closure}()
 4 SYSTEMPATH\View\View.php(467): CodeIgniter\View\View->render('/inc/section_2', null, true)
 5 APPPATH\Views\index.php(6): CodeIgniter\View\View->include('/inc/section_2')
 6 SYSTEMPATH\View\View.php(226): include('C:\\laragon\\www\\laboratory03\\app\\Views\\index.php')
 7 SYSTEMPATH\View\View.php(229): CodeIgniter\View\View->CodeIgniter\View\{closure}()
 8 SYSTEMPATH\Common.php(1188): CodeIgniter\View\View->render('index', [], true)
 9 APPPATH\Controllers\Home.php(47): view('index')
10 SYSTEMPATH\CodeIgniter.php(919): App\Controllers\Home->save()
11 SYSTEMPATH\CodeIgniter.php(494): CodeIgniter\CodeIgniter->runController(Object(App\Controllers\Home))
12 SYSTEMPATH\CodeIgniter.php(353): CodeIgniter\CodeIgniter->handleRequest(null, Object(Config\Cache), false)
13 FCPATH\index.php(79): CodeIgniter\CodeIgniter->run()
14 SYSTEMPATH\Commands\Server\rewrite.php(47): require_once('C:\\laragon\\www\\laboratory03\\public\\index.php')
CRITICAL - 2023-09-29 18:50:59 --> Undefined variable $product
in APPPATH\Views\inc\section_2.php on line 19.
 1 APPPATH\Views\inc\section_2.php(19): CodeIgniter\Debug\Exceptions->errorHandler(2, 'Undefined variable $product', 'C:\\laragon\\www\\laboratory03\\app\\Views\\inc\\section_2.php', 19)
 2 SYSTEMPATH\View\View.php(226): include('C:\\laragon\\www\\laboratory03\\app\\Views\\inc\\section_2.php')
 3 SYSTEMPATH\View\View.php(229): CodeIgniter\View\View->CodeIgniter\View\{closure}()
 4 SYSTEMPATH\View\View.php(467): CodeIgniter\View\View->render('/inc/section_2', null, true)
 5 APPPATH\Views\index.php(6): CodeIgniter\View\View->include('/inc/section_2')
 6 SYSTEMPATH\View\View.php(226): include('C:\\laragon\\www\\laboratory03\\app\\Views\\index.php')
 7 SYSTEMPATH\View\View.php(229): CodeIgniter\View\View->CodeIgniter\View\{closure}()
 8 SYSTEMPATH\Common.php(1188): CodeIgniter\View\View->render('index', [], true)
 9 APPPATH\Controllers\Home.php(63): view('index')
10 SYSTEMPATH\CodeIgniter.php(919): App\Controllers\Home->index()
11 SYSTEMPATH\CodeIgniter.php(494): CodeIgniter\CodeIgniter->runController(Object(App\Controllers\Home))
12 SYSTEMPATH\CodeIgniter.php(353): CodeIgniter\CodeIgniter->handleRequest(null, Object(Config\Cache), false)
13 FCPATH\index.php(79): CodeIgniter\CodeIgniter->run()
14 SYSTEMPATH\Commands\Server\rewrite.php(47): require_once('C:\\laragon\\www\\laboratory03\\public\\index.php')
CRITICAL - 2023-09-29 18:51:01 --> Undefined variable $product
in APPPATH\Views\inc\section_2.php on line 19.
 1 APPPATH\Views\inc\section_2.php(19): CodeIgniter\Debug\Exceptions->errorHandler(2, 'Undefined variable $product', 'C:\\laragon\\www\\laboratory03\\app\\Views\\inc\\section_2.php', 19)
 2 SYSTEMPATH\View\View.php(226): include('C:\\laragon\\www\\laboratory03\\app\\Views\\inc\\section_2.php')
 3 SYSTEMPATH\View\View.php(229): CodeIgniter\View\View->CodeIgniter\View\{closure}()
 4 SYSTEMPATH\View\View.php(467): CodeIgniter\View\View->render('/inc/section_2', null, true)
 5 APPPATH\Views\index.php(6): CodeIgniter\View\View->include('/inc/section_2')
 6 SYSTEMPATH\View\View.php(226): include('C:\\laragon\\www\\laboratory03\\app\\Views\\index.php')
 7 SYSTEMPATH\View\View.php(229): CodeIgniter\View\View->CodeIgniter\View\{closure}()
 8 SYSTEMPATH\Common.php(1188): CodeIgniter\View\View->render('index', [], true)
 9 APPPATH\Controllers\Home.php(63): view('index')
10 SYSTEMPATH\CodeIgniter.php(919): App\Controllers\Home->index()
11 SYSTEMPATH\CodeIgniter.php(494): CodeIgniter\CodeIgniter->runController(Object(App\Controllers\Home))
12 SYSTEMPATH\CodeIgniter.php(353): CodeIgniter\CodeIgniter->handleRequest(null, Object(Config\Cache), false)
13 FCPATH\index.php(79): CodeIgniter\CodeIgniter->run()
14 SYSTEMPATH\Commands\Server\rewrite.php(47): require_once('C:\\laragon\\www\\laboratory03\\public\\index.php')
CRITICAL - 2023-09-29 18:51:10 --> Undefined variable $product
in APPPATH\Views\inc\section_2.php on line 19.
 1 APPPATH\Views\inc\section_2.php(19): CodeIgniter\Debug\Exceptions->errorHandler(2, 'Undefined variable $product', 'C:\\laragon\\www\\laboratory03\\app\\Views\\inc\\section_2.php', 19)
 2 SYSTEMPATH\View\View.php(226): include('C:\\laragon\\www\\laboratory03\\app\\Views\\inc\\section_2.php')
 3 SYSTEMPATH\View\View.php(229): CodeIgniter\View\View->CodeIgniter\View\{closure}()
 4 SYSTEMPATH\View\View.php(467): CodeIgniter\View\View->render('/inc/section_2', null, true)
 5 APPPATH\Views\index.php(6): CodeIgniter\View\View->include('/inc/section_2')
 6 SYSTEMPATH\View\View.php(226): include('C:\\laragon\\www\\laboratory03\\app\\Views\\index.php')
 7 SYSTEMPATH\View\View.php(229): CodeIgniter\View\View->CodeIgniter\View\{closure}()
 8 SYSTEMPATH\Common.php(1188): CodeIgniter\View\View->render('index', [], true)
 9 APPPATH\Controllers\Home.php(63): view('index')
10 SYSTEMPATH\CodeIgniter.php(919): App\Controllers\Home->index()
11 SYSTEMPATH\CodeIgniter.php(494): CodeIgniter\CodeIgniter->runController(Object(App\Controllers\Home))
12 SYSTEMPATH\CodeIgniter.php(353): CodeIgniter\CodeIgniter->handleRequest(null, Object(Config\Cache), false)
13 FCPATH\index.php(79): CodeIgniter\CodeIgniter->run()
14 SYSTEMPATH\Commands\Server\rewrite.php(47): require_once('C:\\laragon\\www\\laboratory03\\public\\index.php')
